<?xml version="1.0" encoding="UTF-8"?>
<!-- Generated by org.testng.reporters.JUnitXMLReporter -->
<testsuite ignored="0" hostname="LTIN718517" failures="0" tests="17" name="Controller Tests" time="37.951" errors="0" timestamp="2026-06-11T08:26:07 IST">
  <testcase classname="com.bookstore.controller.BookControllerTest" name="testCreateBook" time="1.633"/>
  <testcase classname="com.bookstore.controller.BookControllerTest" name="testDeleteBook_NotFound" time="0.077"/>
  <testcase classname="com.bookstore.controller.BookControllerTest" name="testGetAllBooks_EmptyList" time="0.405"/>
  <testcase classname="com.bookstore.controller.BookControllerTest" name="testGetAllBooks_ReturnsAllBooks" time="0.05"/>
  <testcase classname="com.bookstore.controller.BookControllerTest" name="testGetAllBooks_WithTitleFilter" time="0.034"/>
  <testcase classname="com.bookstore.controller.BookControllerTest" name="testGetAllCategories" time="0.053"/>
  <testcase classname="com.bookstore.controller.BookControllerTest" name="testGetBookById_Found" time="0.043"/>
  <testcase classname="com.bookstore.controller.BookControllerTest" name="testGetBookById_NotFound" time="0.044"/>
  <testcase classname="com.bookstore.controller.BookControllerTest" name="testGetBooksByCategory" time="0.072"/>
  <testcase classname="com.bookstore.controller.BookControllerTest" name="testGetBooksByCategory_NotFound" time="0.04"/>
  <testcase classname="com.bookstore.controller.BookControllerTest" name="testGetBooksBySeller" time="0.034"/>
  <testcase classname="com.bookstore.controller.BookControllerTest" name="testUpdateBook_NotFound" time="0.075"/>
  <testcase classname="com.bookstore.controller.ReviewControllerTest" name="testAddReview" time="0.206"/>
  <testcase classname="com.bookstore.controller.ReviewControllerTest" name="testAddReview_AsAdmin" time="0.032"/>
  <testcase classname="com.bookstore.controller.ReviewControllerTest" name="testGetReviewsByBook" time="0.057"/>
  <testcase classname="com.bookstore.controller.ReviewControllerTest" name="testGetReviewsByBook_EmptyList" time="0.033"/>
  <testcase classname="com.bookstore.controller.ReviewControllerTest" name="testGetReviewsByBook_SingleReview" time="0.045"/>
</testsuite> <!-- Controller Tests -->
