<?xml version="1.0" encoding="UTF-8"?>
<!-- Generated by org.testng.reporters.JUnitXMLReporter -->
<testsuite ignored="0" hostname="LTIN718517" failures="0" tests="14" name="Selenium Firefox Tests" time="21.432" errors="0" timestamp="2026-06-11T08:25:50 IST">
  <testcase classname="com.bookstore.selenium.SeleniumTest" name="@BeforeClass setUp" time="6.119">
    <failure type="io.github.bonigarcia.wdm.config.WebDriverManagerException" message="io.github.bonigarcia.wdm.config.WebDriverManagerException: java.net.UnknownHostException: msedgedriver.azureedge.net">
      <![CDATA[io.github.bonigarcia.wdm.config.WebDriverManagerException: io.github.bonigarcia.wdm.config.WebDriverManagerException: java.net.UnknownHostException: msedgedriver.azureedge.net
at io.github.bonigarcia.wdm.WebDriverManager.handleException(WebDriverManager.java:1421)
at io.github.bonigarcia.wdm.WebDriverManager.manage(WebDriverManager.java:1190)
at io.github.bonigarcia.wdm.WebDriverManager.fallback(WebDriverManager.java:1437)
at io.github.bonigarcia.wdm.WebDriverManager.handleException(WebDriverManager.java:1415)
at io.github.bonigarcia.wdm.WebDriverManager.manage(WebDriverManager.java:1190)
at io.github.bonigarcia.wdm.WebDriverManager.setup(WebDriverManager.java:427)
at com.bookstore.selenium.SeleniumTest.setUp(SeleniumTest.java:73)
at java.base/java.util.ArrayList.forEach(ArrayList.java:1596)
at java.base/java.util.concurrent.FutureTask.run(FutureTask.java:317)
at java.base/java.util.concurrent.ThreadPoolExecutor.runWorker(ThreadPoolExecutor.java:1144)
at java.base/java.util.concurrent.ThreadPoolExecutor$Worker.run(ThreadPoolExecutor.java:642)
at java.base/java.lang.Thread.run(Thread.java:1583)
Caused by: io.github.bonigarcia.wdm.config.WebDriverManagerException: java.net.UnknownHostException: msedgedriver.azureedge.net
at io.github.bonigarcia.wdm.WebDriverManager.getDriversFromXml(WebDriverManager.java:1588)
at io.github.bonigarcia.wdm.managers.EdgeDriverManager.getDriverUrls(EdgeDriverManager.java:115)
at io.github.bonigarcia.wdm.WebDriverManager.createUrlHandler(WebDriverManager.java:1442)
at io.github.bonigarcia.wdm.WebDriverManager.download(WebDriverManager.java:1268)
at io.github.bonigarcia.wdm.WebDriverManager.manage(WebDriverManager.java:1184)
... 23 more
Caused by: java.net.UnknownHostException: msedgedriver.azureedge.net
at java.base/java.net.InetAddress$CachedLookup.get(InetAddress.java:988)
at java.base/java.net.InetAddress.getAllByName0(InetAddress.java:1818)
at java.base/java.net.InetAddress.getAllByName(InetAddress.java:1688)
at org.apache.hc.client5.http.SystemDefaultDnsResolver.resolve(SystemDefaultDnsResolver.java:43)
at org.apache.hc.client5.http.impl.io.DefaultHttpClientConnectionOperator.connect(DefaultHttpClientConnectionOperator.java:143)
at org.apache.hc.client5.http.impl.io.PoolingHttpClientConnectionManager.connect(PoolingHttpClientConnectionManager.java:447)
at org.apache.hc.client5.http.impl.classic.InternalExecRuntime.connectEndpoint(InternalExecRuntime.java:162)
at org.apache.hc.client5.http.impl.classic.InternalExecRuntime.connectEndpoint(InternalExecRuntime.java:172)
at org.apache.hc.client5.http.impl.classic.ConnectExec.execute(ConnectExec.java:142)
at org.apache.hc.client5.http.impl.classic.ExecChainElement.execute(ExecChainElement.java:51)
at org.apache.hc.client5.http.impl.classic.ProtocolExec.execute(ProtocolExec.java:192)
at org.apache.hc.client5.http.impl.classic.ExecChainElement.execute(ExecChainElement.java:51)
at org.apache.hc.client5.http.impl.classic.HttpRequestRetryExec.execute(HttpRequestRetryExec.java:96)
at org.apache.hc.client5.http.impl.classic.ExecChainElement.execute(ExecChainElement.java:51)
at org.apache.hc.client5.http.impl.classic.ContentCompressionExec.execute(ContentCompressionExec.java:152)
at org.apache.hc.client5.http.impl.classic.ExecChainElement.execute(ExecChainElement.java:51)
at org.apache.hc.client5.http.impl.classic.RedirectExec.execute(RedirectExec.java:115)
at org.apache.hc.client5.http.impl.classic.ExecChainElement.execute(ExecChainElement.java:51)
at org.apache.hc.client5.http.impl.classic.InternalHttpClient.doExecute(InternalHttpClient.java:170)
at org.apache.hc.client5.http.impl.classic.CloseableHttpClient.execute(CloseableHttpClient.java:87)
at org.apache.hc.client5.http.impl.classic.CloseableHttpClient.execute(CloseableHttpClient.java:55)
at org.apache.hc.client5.http.classic.HttpClient.executeOpen(HttpClient.java:183)
at io.github.bonigarcia.wdm.online.HttpClient.execute(HttpClient.java:157)
at io.github.bonigarcia.wdm.WebDriverManager.getDriversFromXml(WebDriverManager.java:1573)
... 27 more
... Removed 13 stack frames]]>
    </failure>
  </testcase> <!-- @BeforeClass setUp -->
  <testcase classname="com.bookstore.selenium.SeleniumTest" name="@AfterMethod takeScreenshot" time="0.0">
    <skipped/>
  </testcase> <!-- @AfterMethod takeScreenshot -->
  <testcase classname="com.bookstore.selenium.SeleniumTest" name="@AfterMethod takeScreenshot" time="0.0">
    <skipped/>
  </testcase> <!-- @AfterMethod takeScreenshot -->
  <testcase classname="com.bookstore.selenium.SeleniumTest" name="@AfterMethod takeScreenshot" time="0.0">
    <skipped/>
  </testcase> <!-- @AfterMethod takeScreenshot -->
  <testcase classname="com.bookstore.selenium.SeleniumTest" name="@AfterMethod takeScreenshot" time="0.0">
    <skipped/>
  </testcase> <!-- @AfterMethod takeScreenshot -->
  <testcase classname="com.bookstore.selenium.SeleniumTest" name="@AfterMethod takeScreenshot" time="0.0">
    <skipped/>
  </testcase> <!-- @AfterMethod takeScreenshot -->
  <testcase classname="com.bookstore.selenium.SeleniumTest" name="@AfterMethod takeScreenshot" time="0.0">
    <skipped/>
  </testcase> <!-- @AfterMethod takeScreenshot -->
  <testcase classname="com.bookstore.selenium.SeleniumTest" name="@AfterMethod takeScreenshot" time="0.0">
    <skipped/>
  </testcase> <!-- @AfterMethod takeScreenshot -->
  <testcase classname="com.bookstore.selenium.SeleniumTest" name="@AfterMethod takeScreenshot" time="0.0">
    <skipped/>
  </testcase> <!-- @AfterMethod takeScreenshot -->
  <testcase classname="com.bookstore.selenium.SeleniumTest" name="@AfterMethod takeScreenshot" time="0.0">
    <skipped/>
  </testcase> <!-- @AfterMethod takeScreenshot -->
  <testcase classname="com.bookstore.selenium.SeleniumTest" name="@AfterMethod takeScreenshot" time="0.0">
    <skipped/>
  </testcase> <!-- @AfterMethod takeScreenshot -->
  <testcase classname="com.bookstore.selenium.SeleniumTest" name="@AfterMethod takeScreenshot" time="0.0">
    <skipped/>
  </testcase> <!-- @AfterMethod takeScreenshot -->
  <testcase classname="com.bookstore.selenium.SeleniumTest" name="@AfterMethod takeScreenshot" time="0.0">
    <skipped/>
  </testcase> <!-- @AfterMethod takeScreenshot -->
  <testcase classname="com.bookstore.selenium.SeleniumTest" name="@AfterMethod takeScreenshot" time="0.0">
    <skipped/>
  </testcase> <!-- @AfterMethod takeScreenshot -->
  <testcase classname="com.bookstore.selenium.SeleniumTest" name="@AfterMethod takeScreenshot" time="0.0">
    <skipped/>
  </testcase> <!-- @AfterMethod takeScreenshot -->
  <testcase classname="com.bookstore.selenium.SeleniumTest" name="@AfterClass tearDown" time="0.0">
    <skipped/>
  </testcase> <!-- @AfterClass tearDown -->
  <testcase classname="com.bookstore.selenium.SeleniumTest" name="testAdminDashboard_AddBook" time="0.0">
    <skipped/>
  </testcase> <!-- testAdminDashboard_AddBook -->
  <testcase classname="com.bookstore.selenium.SeleniumTest" name="testAdminDashboard_Loads" time="0.016">
    <skipped/>
  </testcase> <!-- testAdminDashboard_Loads -->
  <testcase classname="com.bookstore.selenium.SeleniumTest" name="testAdmin_SellerDashboardLinkVisible" time="0.0">
    <skipped/>
  </testcase> <!-- testAdmin_SellerDashboardLinkVisible -->
  <testcase classname="com.bookstore.selenium.SeleniumTest" name="testCart_IconVisibleInNavbar" time="0.006">
    <skipped/>
  </testcase> <!-- testCart_IconVisibleInNavbar -->
  <testcase classname="com.bookstore.selenium.SeleniumTest" name="testCart_NavigatesToCartPage" time="0.0">
    <skipped/>
  </testcase> <!-- testCart_NavigatesToCartPage -->
  <testcase classname="com.bookstore.selenium.SeleniumTest" name="testCommunityPage_Loads" time="0.0">
    <skipped/>
  </testcase> <!-- testCommunityPage_Loads -->
  <testcase classname="com.bookstore.selenium.SeleniumTest" name="testHomePage_DisplaysBooks" time="0.0">
    <skipped/>
  </testcase> <!-- testHomePage_DisplaysBooks -->
  <testcase classname="com.bookstore.selenium.SeleniumTest" name="testHomePage_LoadsSuccessfully" time="0.0">
    <skipped/>
  </testcase> <!-- testHomePage_LoadsSuccessfully -->
  <testcase classname="com.bookstore.selenium.SeleniumTest" name="testLoginPage_Loads" time="0.0">
    <skipped/>
  </testcase> <!-- testLoginPage_Loads -->
  <testcase classname="com.bookstore.selenium.SeleniumTest" name="testLogin_WithValidCredentials" time="0.0">
    <skipped/>
  </testcase> <!-- testLogin_WithValidCredentials -->
  <testcase classname="com.bookstore.selenium.SeleniumTest" name="testLogin_WithWrongPassword" time="0.0">
    <skipped/>
  </testcase> <!-- testLogin_WithWrongPassword -->
  <testcase classname="com.bookstore.selenium.SeleniumTest" name="testLogout_RedirectsToHome" time="0.0">
    <skipped/>
  </testcase> <!-- testLogout_RedirectsToHome -->
  <testcase classname="com.bookstore.selenium.SeleniumTest" name="testNavbar_ShowsLoginWhenNotLoggedIn" time="0.0">
    <skipped/>
  </testcase> <!-- testNavbar_ShowsLoginWhenNotLoggedIn -->
  <testcase classname="com.bookstore.selenium.SeleniumTest" name="testSearch_OpensSearchPopup" time="0.0">
    <skipped/>
  </testcase> <!-- testSearch_OpensSearchPopup -->
</testsuite> <!-- Selenium Firefox Tests -->
