<?xml version="1.0" encoding="UTF-8"?>
<!-- Generated by org.testng.reporters.JUnitXMLReporter -->
<testsuite ignored="0" hostname="LTIN718517" failures="0" tests="14" name="Selenium Chrome Tests" time="90.861" errors="0" timestamp="2026-06-11T08:27:00 IST">
  <testcase classname="com.bookstore.selenium.SeleniumTest" name="@BeforeClass setUp" time="20.793">
    <failure type="org.openqa.selenium.SessionNotCreatedException" message="Could not start a new session. Response code 500. Message: Expected browser binary location, but unable to find binary in default location, no &amp;apos;moz:firefoxOptions.binary&amp;apos; capability provided, and no binary flag set on the command line 
Host info: host: &amp;apos;LTIN718517&amp;apos;, ip: &amp;apos;10.232.23.177&amp;apos;
Build info: version: &amp;apos;4.14.1&amp;apos;, revision: &amp;apos;03f8ede370&amp;apos;
System info: os.name: &amp;apos;Windows 11&amp;apos;, os.arch: &amp;apos;amd64&amp;apos;, os.version: &amp;apos;10.0&amp;apos;, java.version: &amp;apos;21&amp;apos;
Driver info: org.openqa.selenium.firefox.FirefoxDriver
Command: [null, newSession {capabilities=[Capabilities {acceptInsecureCerts: true, browserName: firefox, moz:debuggerAddress: true, moz:firefoxOptions: {}}]}]">
      <![CDATA[org.openqa.selenium.SessionNotCreatedException: Could not start a new session. Response code 500. Message: Expected browser binary location, but unable to find binary in default location, no 'moz:firefoxOptions.binary' capability provided, and no binary flag set on the command line 
Host info: host: 'LTIN718517', ip: '10.232.23.177'
Build info: version: '4.14.1', revision: '03f8ede370'
System info: os.name: 'Windows 11', os.arch: 'amd64', os.version: '10.0', java.version: '21'
Driver info: org.openqa.selenium.firefox.FirefoxDriver
Command: [null, newSession {capabilities=[Capabilities {acceptInsecureCerts: true, browserName: firefox, moz:debuggerAddress: true, moz:firefoxOptions: {}}]}]
at org.openqa.selenium.remote.ProtocolHandshake.createSession(ProtocolHandshake.java:140)
at org.openqa.selenium.remote.ProtocolHandshake.createSession(ProtocolHandshake.java:96)
at org.openqa.selenium.remote.ProtocolHandshake.createSession(ProtocolHandshake.java:68)
at org.openqa.selenium.remote.HttpCommandExecutor.execute(HttpCommandExecutor.java:163)
at org.openqa.selenium.remote.service.DriverCommandExecutor.invokeExecute(DriverCommandExecutor.java:200)
at org.openqa.selenium.remote.service.DriverCommandExecutor.execute(DriverCommandExecutor.java:175)
at org.openqa.selenium.remote.RemoteWebDriver.execute(RemoteWebDriver.java:602)
at org.openqa.selenium.remote.RemoteWebDriver.startSession(RemoteWebDriver.java:236)
at org.openqa.selenium.remote.RemoteWebDriver.<init>(RemoteWebDriver.java:163)
at org.openqa.selenium.firefox.FirefoxDriver.<init>(FirefoxDriver.java:156)
at org.openqa.selenium.firefox.FirefoxDriver.<init>(FirefoxDriver.java:151)
at org.openqa.selenium.firefox.FirefoxDriver.<init>(FirefoxDriver.java:132)
at org.openqa.selenium.firefox.FirefoxDriver.<init>(FirefoxDriver.java:127)
at org.openqa.selenium.firefox.FirefoxDriver.<init>(FirefoxDriver.java:112)
at com.bookstore.selenium.SeleniumTest.setUp(SeleniumTest.java:70)
at java.base/java.util.ArrayList.forEach(ArrayList.java:1596)
at java.base/java.util.concurrent.FutureTask.run(FutureTask.java:317)
at java.base/java.util.concurrent.ThreadPoolExecutor.runWorker(ThreadPoolExecutor.java:1144)
at java.base/java.util.concurrent.ThreadPoolExecutor$Worker.run(ThreadPoolExecutor.java:642)
at java.base/java.lang.Thread.run(Thread.java:1583)
... Removed 13 stack frames]]>
    </failure>
  </testcase> <!-- @BeforeClass setUp -->
  <testcase classname="com.bookstore.selenium.SeleniumTest" name="@AfterMethod takeScreenshot" time="0.0">
    <skipped/>
  </testcase> <!-- @AfterMethod takeScreenshot -->
  <testcase classname="com.bookstore.selenium.SeleniumTest" name="@AfterMethod takeScreenshot" time="0.0">
    <skipped/>
  </testcase> <!-- @AfterMethod takeScreenshot -->
  <testcase classname="com.bookstore.selenium.SeleniumTest" name="@AfterMethod takeScreenshot" time="0.0">
    <skipped/>
  </testcase> <!-- @AfterMethod takeScreenshot -->
  <testcase classname="com.bookstore.selenium.SeleniumTest" name="@AfterMethod takeScreenshot" time="0.0">
    <skipped/>
  </testcase> <!-- @AfterMethod takeScreenshot -->
  <testcase classname="com.bookstore.selenium.SeleniumTest" name="@AfterMethod takeScreenshot" time="0.0">
    <skipped/>
  </testcase> <!-- @AfterMethod takeScreenshot -->
  <testcase classname="com.bookstore.selenium.SeleniumTest" name="@AfterMethod takeScreenshot" time="0.0">
    <skipped/>
  </testcase> <!-- @AfterMethod takeScreenshot -->
  <testcase classname="com.bookstore.selenium.SeleniumTest" name="@AfterMethod takeScreenshot" time="0.0">
    <skipped/>
  </testcase> <!-- @AfterMethod takeScreenshot -->
  <testcase classname="com.bookstore.selenium.SeleniumTest" name="@AfterMethod takeScreenshot" time="0.0">
    <skipped/>
  </testcase> <!-- @AfterMethod takeScreenshot -->
  <testcase classname="com.bookstore.selenium.SeleniumTest" name="@AfterMethod takeScreenshot" time="0.0">
    <skipped/>
  </testcase> <!-- @AfterMethod takeScreenshot -->
  <testcase classname="com.bookstore.selenium.SeleniumTest" name="@AfterMethod takeScreenshot" time="0.0">
    <skipped/>
  </testcase> <!-- @AfterMethod takeScreenshot -->
  <testcase classname="com.bookstore.selenium.SeleniumTest" name="@AfterMethod takeScreenshot" time="0.0">
    <skipped/>
  </testcase> <!-- @AfterMethod takeScreenshot -->
  <testcase classname="com.bookstore.selenium.SeleniumTest" name="@AfterMethod takeScreenshot" time="0.0">
    <skipped/>
  </testcase> <!-- @AfterMethod takeScreenshot -->
  <testcase classname="com.bookstore.selenium.SeleniumTest" name="@AfterMethod takeScreenshot" time="0.0">
    <skipped/>
  </testcase> <!-- @AfterMethod takeScreenshot -->
  <testcase classname="com.bookstore.selenium.SeleniumTest" name="@AfterMethod takeScreenshot" time="0.0">
    <skipped/>
  </testcase> <!-- @AfterMethod takeScreenshot -->
  <testcase classname="com.bookstore.selenium.SeleniumTest" name="@AfterClass tearDown" time="0.0">
    <skipped/>
  </testcase> <!-- @AfterClass tearDown -->
  <testcase classname="com.bookstore.selenium.SeleniumTest" name="testAdminDashboard_AddBook" time="33.545"/>
  <testcase classname="com.bookstore.selenium.SeleniumTest" name="testAdminDashboard_Loads" time="8.738"/>
  <testcase classname="com.bookstore.selenium.SeleniumTest" name="testAdmin_SellerDashboardLinkVisible" time="6.576"/>
  <testcase classname="com.bookstore.selenium.SeleniumTest" name="testCart_IconVisibleInNavbar" time="0.238"/>
  <testcase classname="com.bookstore.selenium.SeleniumTest" name="testCart_NavigatesToCartPage" time="0.351"/>
  <testcase classname="com.bookstore.selenium.SeleniumTest" name="testCommunityPage_Loads" time="0.159"/>
  <testcase classname="com.bookstore.selenium.SeleniumTest" name="testHomePage_DisplaysBooks" time="3.232"/>
  <testcase classname="com.bookstore.selenium.SeleniumTest" name="testHomePage_LoadsSuccessfully" time="0.23"/>
  <testcase classname="com.bookstore.selenium.SeleniumTest" name="testLoginPage_Loads" time="0.599"/>
  <testcase classname="com.bookstore.selenium.SeleniumTest" name="testLogin_WithValidCredentials" time="6.136"/>
  <testcase classname="com.bookstore.selenium.SeleniumTest" name="testLogin_WithWrongPassword" time="3.942"/>
  <testcase classname="com.bookstore.selenium.SeleniumTest" name="testLogout_RedirectsToHome" time="6.347"/>
  <testcase classname="com.bookstore.selenium.SeleniumTest" name="testNavbar_ShowsLoginWhenNotLoggedIn" time="1.515"/>
  <testcase classname="com.bookstore.selenium.SeleniumTest" name="testSearch_OpensSearchPopup" time="0.412"/>
</testsuite> <!-- Selenium Chrome Tests -->
