<?xml version="1.0" encoding="UTF-8"?>
<!-- Generated by org.testng.reporters.JUnitXMLReporter -->
<testsuite ignored="0" hostname="LTIN718517" failures="0" tests="14" name="Selenium Edge Tests" time="6.696" errors="0" timestamp="2026-06-11T08:25:36 IST">
  <testcase classname="com.bookstore.selenium.SeleniumTest" name="testAdminDashboard_AddBook" time="0.0">
    <skipped/>
  </testcase> <!-- testAdminDashboard_AddBook -->
  <testcase classname="com.bookstore.selenium.SeleniumTest" name="testAdminDashboard_Loads" time="0.0">
    <skipped/>
  </testcase> <!-- testAdminDashboard_Loads -->
  <testcase classname="com.bookstore.selenium.SeleniumTest" name="testAdmin_SellerDashboardLinkVisible" time="0.0">
    <skipped/>
  </testcase> <!-- testAdmin_SellerDashboardLinkVisible -->
  <testcase classname="com.bookstore.selenium.SeleniumTest" name="testCart_IconVisibleInNavbar" time="0.0">
    <skipped/>
  </testcase> <!-- testCart_IconVisibleInNavbar -->
  <testcase classname="com.bookstore.selenium.SeleniumTest" name="testCart_NavigatesToCartPage" time="0.0">
    <skipped/>
  </testcase> <!-- testCart_NavigatesToCartPage -->
  <testcase classname="com.bookstore.selenium.SeleniumTest" name="testCommunityPage_Loads" time="0.0">
    <skipped/>
  </testcase> <!-- testCommunityPage_Loads -->
  <testcase classname="com.bookstore.selenium.SeleniumTest" name="testHomePage_DisplaysBooks" time="0.0">
    <skipped/>
  </testcase> <!-- testHomePage_DisplaysBooks -->
  <testcase classname="com.bookstore.selenium.SeleniumTest" name="testHomePage_LoadsSuccessfully" time="0.0">
    <skipped/>
  </testcase> <!-- testHomePage_LoadsSuccessfully -->
  <testcase classname="com.bookstore.selenium.SeleniumTest" name="testLoginPage_Loads" time="0.0">
    <skipped/>
  </testcase> <!-- testLoginPage_Loads -->
  <testcase classname="com.bookstore.selenium.SeleniumTest" name="testLogin_WithValidCredentials" time="0.0">
    <skipped/>
  </testcase> <!-- testLogin_WithValidCredentials -->
  <testcase classname="com.bookstore.selenium.SeleniumTest" name="testLogin_WithWrongPassword" time="0.0">
    <skipped/>
  </testcase> <!-- testLogin_WithWrongPassword -->
  <testcase classname="com.bookstore.selenium.SeleniumTest" name="testLogout_RedirectsToHome" time="0.0">
    <skipped/>
  </testcase> <!-- testLogout_RedirectsToHome -->
  <testcase classname="com.bookstore.selenium.SeleniumTest" name="testNavbar_ShowsLoginWhenNotLoggedIn" time="0.0">
    <skipped/>
  </testcase> <!-- testNavbar_ShowsLoginWhenNotLoggedIn -->
  <testcase classname="com.bookstore.selenium.SeleniumTest" name="testSearch_OpensSearchPopup" time="0.002">
    <skipped/>
  </testcase> <!-- testSearch_OpensSearchPopup -->
</testsuite> <!-- Selenium Edge Tests -->
