<?xml version="1.0" encoding="UTF-8"?>
<!-- Generated by org.testng.reporters.JUnitXMLReporter -->
<testsuite ignored="0" hostname="LTIN718517" failures="0" tests="35" name="Unit Tests" time="0.343" errors="0" timestamp="2026-06-11T08:25:29 IST">
  <testcase classname="com.bookstore.model.BookModelTest" name="testBookConstructor" time="0.014"/>
  <testcase classname="com.bookstore.model.BookModelTest" name="testDefaultConstructor" time="0.001"/>
  <testcase classname="com.bookstore.model.BookModelTest" name="testIsbn" time="0.001"/>
  <testcase classname="com.bookstore.model.BookModelTest" name="testSettersAndGetters" time="0.003"/>
  <testcase classname="com.bookstore.model.UserModelTest" name="testAddFavorite" time="0.001"/>
  <testcase classname="com.bookstore.model.UserModelTest" name="testAddRole" time="0.001"/>
  <testcase classname="com.bookstore.model.UserModelTest" name="testAllArgsConstructor" time="0.001"/>
  <testcase classname="com.bookstore.model.UserModelTest" name="testMultipleRoles" time="0.001"/>
  <testcase classname="com.bookstore.model.UserModelTest" name="testSetRoles" time="0.001"/>
  <testcase classname="com.bookstore.model.UserModelTest" name="testUserFields" time="0.001"/>
  <testcase classname="com.bookstore.model.OrderModelTest" name="testOrderFields" time="0.001"/>
  <testcase classname="com.bookstore.model.OrderModelTest" name="testOrderItemFields" time="0.005"/>
  <testcase classname="com.bookstore.model.OrderModelTest" name="testOrderItems" time="0.001"/>
  <testcase classname="com.bookstore.model.OrderModelTest" name="testStatusUpdate" time="0.001"/>
  <testcase classname="com.bookstore.model.OrderModelTest" name="testTotalAmountCalculation" time="0.0"/>
  <testcase classname="com.bookstore.model.ReviewModelTest" name="testCreatedAtSetOnConstruction" time="0.002"/>
  <testcase classname="com.bookstore.model.ReviewModelTest" name="testRatingRange" time="0.001"/>
  <testcase classname="com.bookstore.model.ReviewModelTest" name="testReviewFields" time="0.002"/>
  <testcase classname="com.bookstore.model.CommunityPostModelTest" name="testCreatedAtOnConstruction" time="0.0"/>
  <testcase classname="com.bookstore.model.CommunityPostModelTest" name="testPostFields" time="0.002"/>
  <testcase classname="com.bookstore.model.CommunityPostModelTest" name="testUpdateTitle" time="0.001"/>
  <testcase classname="com.bookstore.model.PasswordResetTokenModelTest" name="testConstructorFields" time="0.002"/>
  <testcase classname="com.bookstore.model.PasswordResetTokenModelTest" name="testExpiryDateInFuture" time="0.0"/>
  <testcase classname="com.bookstore.model.PasswordResetTokenModelTest" name="testSetUserId" time="0.005"/>
  <testcase classname="com.bookstore.dto.DTOTest" name="testJwtResponse" time="0.031"/>
  <testcase classname="com.bookstore.dto.DTOTest" name="testLoginRequest" time="0.003"/>
  <testcase classname="com.bookstore.dto.DTOTest" name="testMessageResponse" time="0.008"/>
  <testcase classname="com.bookstore.dto.DTOTest" name="testResetPasswordRequest" time="0.016"/>
  <testcase classname="com.bookstore.dto.DTOTest" name="testSignupRequest" time="0.005"/>
  <testcase classname="com.bookstore.security.UserDetailsImplTest" name="testAuthorities" time="0.008"/>
  <testcase classname="com.bookstore.security.UserDetailsImplTest" name="testBuildFromUser" time="0.0"/>
  <testcase classname="com.bookstore.security.UserDetailsImplTest" name="testEqualsWithDifferentId" time="0.0"/>
  <testcase classname="com.bookstore.security.UserDetailsImplTest" name="testEqualsWithSameId" time="0.0"/>
  <testcase classname="com.bookstore.security.UserDetailsImplTest" name="testIsEnabled" time="0.0"/>
  <testcase classname="com.bookstore.security.UserDetailsImplTest" name="testMultipleRoles" time="0.0"/>
</testsuite> <!-- Unit Tests -->
