<?xml version="1.0" encoding="UTF-8"?>
<!-- Generated by org.testng.reporters.JUnitReportReporter -->
<testsuite hostname="LTIN718517" failures="0" tests="44" name="com.bookstore.selenium.SeleniumTest" time="101.374" errors="2" timestamp="2026-06-11T08:27:01 IST" skipped="28">
  <testcase classname="com.bookstore.selenium.SeleniumTest" name="testLogin_WithValidCredentials" time="0.000">
    <skipped/>
  </testcase> <!-- testLogin_WithValidCredentials -->
  <testcase classname="com.bookstore.selenium.SeleniumTest" name="testAdminDashboard_AddBook" time="0.000">
    <skipped/>
  </testcase> <!-- testAdminDashboard_AddBook -->
  <testcase classname="com.bookstore.selenium.SeleniumTest" name="testNavbar_ShowsLoginWhenNotLoggedIn" time="0.000">
    <skipped/>
  </testcase> <!-- testNavbar_ShowsLoginWhenNotLoggedIn -->
  <testcase classname="com.bookstore.selenium.SeleniumTest" name="testCart_NavigatesToCartPage" time="0.000">
    <skipped/>
  </testcase> <!-- testCart_NavigatesToCartPage -->
  <testcase classname="com.bookstore.selenium.SeleniumTest" name="testCart_NavigatesToCartPage" time="0.000">
    <skipped/>
  </testcase> <!-- testCart_NavigatesToCartPage -->
  <testcase classname="com.bookstore.selenium.SeleniumTest" name="testAdminDashboard_AddBook" time="33.706"/>
  <testcase classname="com.bookstore.selenium.SeleniumTest" name="testAdminDashboard_Loads" time="0.000">
    <skipped/>
  </testcase> <!-- testAdminDashboard_Loads -->
  <testcase classname="com.bookstore.selenium.SeleniumTest" name="testLoginPage_Loads" time="0.000">
    <skipped/>
  </testcase> <!-- testLoginPage_Loads -->
  <testcase classname="com.bookstore.selenium.SeleniumTest" name="testCart_IconVisibleInNavbar" time="0.006">
    <skipped/>
  </testcase> <!-- testCart_IconVisibleInNavbar -->
  <testcase classname="com.bookstore.selenium.SeleniumTest" name="testLoginPage_Loads" time="0.000">
    <skipped/>
  </testcase> <!-- testLoginPage_Loads -->
  <testcase classname="com.bookstore.selenium.SeleniumTest" name="testHomePage_DisplaysBooks" time="0.000">
    <skipped/>
  </testcase> <!-- testHomePage_DisplaysBooks -->
  <testcase classname="com.bookstore.selenium.SeleniumTest" name="testCommunityPage_Loads" time="0.275"/>
  <testcase classname="com.bookstore.selenium.SeleniumTest" name="testNavbar_ShowsLoginWhenNotLoggedIn" time="0.000">
    <skipped/>
  </testcase> <!-- testNavbar_ShowsLoginWhenNotLoggedIn -->
  <testcase classname="com.bookstore.selenium.SeleniumTest" name="testLoginPage_Loads" time="0.727"/>
  <testcase classname="com.bookstore.selenium.SeleniumTest" name="testLogin_WithWrongPassword" time="4.152"/>
  <testcase classname="com.bookstore.selenium.SeleniumTest" name="testLogout_RedirectsToHome" time="6.541"/>
  <testcase classname="com.bookstore.selenium.SeleniumTest" name="testNavbar_ShowsLoginWhenNotLoggedIn" time="1.688"/>
  <testcase classname="com.bookstore.selenium.SeleniumTest" name="testLogout_RedirectsToHome" time="0.000">
    <skipped/>
  </testcase> <!-- testLogout_RedirectsToHome -->
  <testcase classname="com.bookstore.selenium.SeleniumTest" name="testHomePage_LoadsSuccessfully" time="0.387"/>
  <testcase classname="com.bookstore.selenium.SeleniumTest" name="testAdmin_SellerDashboardLinkVisible" time="0.000">
    <skipped/>
  </testcase> <!-- testAdmin_SellerDashboardLinkVisible -->
  <testcase classname="com.bookstore.selenium.SeleniumTest" name="setUp" time="6.119">
    <error message="io.github.bonigarcia.wdm.config.WebDriverManagerException: java.net.UnknownHostException: msedgedriver.azureedge.net" type="io.github.bonigarcia.wdm.config.WebDriverManagerException">
      <![CDATA[io.github.bonigarcia.wdm.config.WebDriverManagerException: io.github.bonigarcia.wdm.config.WebDriverManagerException: java.net.UnknownHostException: msedgedriver.azureedge.net
at io.github.bonigarcia.wdm.WebDriverManager.handleException(WebDriverManager.java:1421)
at io.github.bonigarcia.wdm.WebDriverManager.manage(WebDriverManager.java:1190)
at io.github.bonigarcia.wdm.WebDriverManager.fallback(WebDriverManager.java:1437)
at io.github.bonigarcia.wdm.WebDriverManager.handleException(WebDriverManager.java:1415)
at io.github.bonigarcia.wdm.WebDriverManager.manage(WebDriverManager.java:1190)
at io.github.bonigarcia.wdm.WebDriverManager.setup(WebDriverManager.java:427)
at com.bookstore.selenium.SeleniumTest.setUp(SeleniumTest.java:73)
at java.base/jdk.internal.reflect.DirectMethodHandleAccessor.invoke(DirectMethodHandleAccessor.java:103)
at java.base/java.lang.reflect.Method.invoke(Method.java:580)
at org.testng.internal.invokers.MethodInvocationHelper.invokeMethod(MethodInvocationHelper.java:139)
at org.testng.internal.invokers.MethodInvocationHelper.invokeMethodConsideringTimeout(MethodInvocationHelper.java:69)
at org.testng.internal.invokers.ConfigInvoker.invokeConfigurationMethod(ConfigInvoker.java:393)
at org.testng.internal.invokers.ConfigInvoker.invokeConfigurations(ConfigInvoker.java:326)
at org.testng.internal.invokers.TestMethodWorker.invokeBeforeClassMethods(TestMethodWorker.java:180)
at org.testng.internal.invokers.TestMethodWorker.run(TestMethodWorker.java:122)
at java.base/java.util.ArrayList.forEach(ArrayList.java:1596)
at org.testng.TestRunner.privateRun(TestRunner.java:819)
at org.testng.TestRunner.run(TestRunner.java:619)
at org.testng.SuiteRunner.runTest(SuiteRunner.java:443)
at org.testng.SuiteRunner$SuiteWorker.run(SuiteRunner.java:481)
at org.testng.internal.thread.ThreadUtil.lambda$execute$0(ThreadUtil.java:58)
at java.base/java.util.concurrent.FutureTask.run(FutureTask.java:317)
at java.base/java.util.concurrent.ThreadPoolExecutor.runWorker(ThreadPoolExecutor.java:1144)
at java.base/java.util.concurrent.ThreadPoolExecutor$Worker.run(ThreadPoolExecutor.java:642)
at java.base/java.lang.Thread.run(Thread.java:1583)
Caused by: io.github.bonigarcia.wdm.config.WebDriverManagerException: java.net.UnknownHostException: msedgedriver.azureedge.net
at io.github.bonigarcia.wdm.WebDriverManager.getDriversFromXml(WebDriverManager.java:1588)
at io.github.bonigarcia.wdm.managers.EdgeDriverManager.getDriverUrls(EdgeDriverManager.java:115)
at io.github.bonigarcia.wdm.WebDriverManager.createUrlHandler(WebDriverManager.java:1442)
at io.github.bonigarcia.wdm.WebDriverManager.download(WebDriverManager.java:1268)
at io.github.bonigarcia.wdm.WebDriverManager.manage(WebDriverManager.java:1184)
... 23 more
Caused by: java.net.UnknownHostException: msedgedriver.azureedge.net
at java.base/java.net.InetAddress$CachedLookup.get(InetAddress.java:988)
at java.base/java.net.InetAddress.getAllByName0(InetAddress.java:1818)
at java.base/java.net.InetAddress.getAllByName(InetAddress.java:1688)
at org.apache.hc.client5.http.SystemDefaultDnsResolver.resolve(SystemDefaultDnsResolver.java:43)
at org.apache.hc.client5.http.impl.io.DefaultHttpClientConnectionOperator.connect(DefaultHttpClientConnectionOperator.java:143)
at org.apache.hc.client5.http.impl.io.PoolingHttpClientConnectionManager.connect(PoolingHttpClientConnectionManager.java:447)
at org.apache.hc.client5.http.impl.classic.InternalExecRuntime.connectEndpoint(InternalExecRuntime.java:162)
at org.apache.hc.client5.http.impl.classic.InternalExecRuntime.connectEndpoint(InternalExecRuntime.java:172)
at org.apache.hc.client5.http.impl.classic.ConnectExec.execute(ConnectExec.java:142)
at org.apache.hc.client5.http.impl.classic.ExecChainElement.execute(ExecChainElement.java:51)
at org.apache.hc.client5.http.impl.classic.ProtocolExec.execute(ProtocolExec.java:192)
at org.apache.hc.client5.http.impl.classic.ExecChainElement.execute(ExecChainElement.java:51)
at org.apache.hc.client5.http.impl.classic.HttpRequestRetryExec.execute(HttpRequestRetryExec.java:96)
at org.apache.hc.client5.http.impl.classic.ExecChainElement.execute(ExecChainElement.java:51)
at org.apache.hc.client5.http.impl.classic.ContentCompressionExec.execute(ContentCompressionExec.java:152)
at org.apache.hc.client5.http.impl.classic.ExecChainElement.execute(ExecChainElement.java:51)
at org.apache.hc.client5.http.impl.classic.RedirectExec.execute(RedirectExec.java:115)
at org.apache.hc.client5.http.impl.classic.ExecChainElement.execute(ExecChainElement.java:51)
at org.apache.hc.client5.http.impl.classic.InternalHttpClient.doExecute(InternalHttpClient.java:170)
at org.apache.hc.client5.http.impl.classic.CloseableHttpClient.execute(CloseableHttpClient.java:87)
at org.apache.hc.client5.http.impl.classic.CloseableHttpClient.execute(CloseableHttpClient.java:55)
at org.apache.hc.client5.http.classic.HttpClient.executeOpen(HttpClient.java:183)
at io.github.bonigarcia.wdm.online.HttpClient.execute(HttpClient.java:157)
at io.github.bonigarcia.wdm.WebDriverManager.getDriversFromXml(WebDriverManager.java:1573)
... 27 more
]]>
    </error>
  </testcase> <!-- setUp -->
  <testcase classname="com.bookstore.selenium.SeleniumTest" name="testLogin_WithValidCredentials" time="0.000">
    <skipped/>
  </testcase> <!-- testLogin_WithValidCredentials -->
  <testcase classname="com.bookstore.selenium.SeleniumTest" name="testCart_IconVisibleInNavbar" time="0.362"/>
  <testcase classname="com.bookstore.selenium.SeleniumTest" name="testAdminDashboard_Loads" time="8.937"/>
  <testcase classname="com.bookstore.selenium.SeleniumTest" name="testLogin_WithWrongPassword" time="0.000">
    <skipped/>
  </testcase> <!-- testLogin_WithWrongPassword -->
  <testcase classname="com.bookstore.selenium.SeleniumTest" name="testAdmin_SellerDashboardLinkVisible" time="6.731"/>
  <testcase classname="com.bookstore.selenium.SeleniumTest" name="testSearch_OpensSearchPopup" time="0.626"/>
  <testcase classname="com.bookstore.selenium.SeleniumTest" name="testHomePage_LoadsSuccessfully" time="0.000">
    <skipped/>
  </testcase> <!-- testHomePage_LoadsSuccessfully -->
  <testcase classname="com.bookstore.selenium.SeleniumTest" name="testAdminDashboard_AddBook" time="0.000">
    <skipped/>
  </testcase> <!-- testAdminDashboard_AddBook -->
  <testcase classname="com.bookstore.selenium.SeleniumTest" name="testHomePage_LoadsSuccessfully" time="0.000">
    <skipped/>
  </testcase> <!-- testHomePage_LoadsSuccessfully -->
  <testcase classname="com.bookstore.selenium.SeleniumTest" name="testAdmin_SellerDashboardLinkVisible" time="0.000">
    <skipped/>
  </testcase> <!-- testAdmin_SellerDashboardLinkVisible -->
  <testcase classname="com.bookstore.selenium.SeleniumTest" name="testSearch_OpensSearchPopup" time="0.000">
    <skipped/>
  </testcase> <!-- testSearch_OpensSearchPopup -->
  <testcase classname="com.bookstore.selenium.SeleniumTest" name="testHomePage_DisplaysBooks" time="0.000">
    <skipped/>
  </testcase> <!-- testHomePage_DisplaysBooks -->
  <testcase classname="com.bookstore.selenium.SeleniumTest" name="testLogout_RedirectsToHome" time="0.000">
    <skipped/>
  </testcase> <!-- testLogout_RedirectsToHome -->
  <testcase classname="com.bookstore.selenium.SeleniumTest" name="testLogin_WithWrongPassword" time="0.000">
    <skipped/>
  </testcase> <!-- testLogin_WithWrongPassword -->
  <testcase classname="com.bookstore.selenium.SeleniumTest" name="testHomePage_DisplaysBooks" time="3.436"/>
  <testcase classname="com.bookstore.selenium.SeleniumTest" name="testCommunityPage_Loads" time="0.000">
    <skipped/>
  </testcase> <!-- testCommunityPage_Loads -->
  <testcase classname="com.bookstore.selenium.SeleniumTest" name="setUp" time="20.793">
    <error message="Could not start a new session. Response code 500. Message: Expected browser binary location, but unable to find binary in default location, no &#039;moz:firefoxOptions.binary&#039; capability provided, and no binary flag set on the command line 
Host info: host: &#039;LTIN718517&#039;, ip: &#039;10.232.23.177&#039;
Build info: version: &#039;4.14.1&#039;, revision: &#039;03f8ede370&#039;
System info: os.name: &#039;Windows 11&#039;, os.arch: &#039;amd64&#039;, os.version: &#039;10.0&#039;, java.version: &#039;21&#039;
Driver info: org.openqa.selenium.firefox.FirefoxDriver
Command: [null, newSession {capabilities=[Capabilities {acceptInsecureCerts: true, browserName: firefox, moz:debuggerAddress: true, moz:firefoxOptions: {}}]}]" type="org.openqa.selenium.SessionNotCreatedException">
      <![CDATA[org.openqa.selenium.SessionNotCreatedException: Could not start a new session. Response code 500. Message: Expected browser binary location, but unable to find binary in default location, no 'moz:firefoxOptions.binary' capability provided, and no binary flag set on the command line 
Host info: host: 'LTIN718517', ip: '10.232.23.177'
Build info: version: '4.14.1', revision: '03f8ede370'
System info: os.name: 'Windows 11', os.arch: 'amd64', os.version: '10.0', java.version: '21'
Driver info: org.openqa.selenium.firefox.FirefoxDriver
Command: [null, newSession {capabilities=[Capabilities {acceptInsecureCerts: true, browserName: firefox, moz:debuggerAddress: true, moz:firefoxOptions: {}}]}]
at org.openqa.selenium.remote.ProtocolHandshake.createSession(ProtocolHandshake.java:140)
at org.openqa.selenium.remote.ProtocolHandshake.createSession(ProtocolHandshake.java:96)
at org.openqa.selenium.remote.ProtocolHandshake.createSession(ProtocolHandshake.java:68)
at org.openqa.selenium.remote.HttpCommandExecutor.execute(HttpCommandExecutor.java:163)
at org.openqa.selenium.remote.service.DriverCommandExecutor.invokeExecute(DriverCommandExecutor.java:200)
at org.openqa.selenium.remote.service.DriverCommandExecutor.execute(DriverCommandExecutor.java:175)
at org.openqa.selenium.remote.RemoteWebDriver.execute(RemoteWebDriver.java:602)
at org.openqa.selenium.remote.RemoteWebDriver.startSession(RemoteWebDriver.java:236)
at org.openqa.selenium.remote.RemoteWebDriver.<init>(RemoteWebDriver.java:163)
at org.openqa.selenium.firefox.FirefoxDriver.<init>(FirefoxDriver.java:156)
at org.openqa.selenium.firefox.FirefoxDriver.<init>(FirefoxDriver.java:151)
at org.openqa.selenium.firefox.FirefoxDriver.<init>(FirefoxDriver.java:132)
at org.openqa.selenium.firefox.FirefoxDriver.<init>(FirefoxDriver.java:127)
at org.openqa.selenium.firefox.FirefoxDriver.<init>(FirefoxDriver.java:112)
at com.bookstore.selenium.SeleniumTest.setUp(SeleniumTest.java:70)
at java.base/jdk.internal.reflect.DirectMethodHandleAccessor.invoke(DirectMethodHandleAccessor.java:103)
at java.base/java.lang.reflect.Method.invoke(Method.java:580)
at org.testng.internal.invokers.MethodInvocationHelper.invokeMethod(MethodInvocationHelper.java:139)
at org.testng.internal.invokers.MethodInvocationHelper.invokeMethodConsideringTimeout(MethodInvocationHelper.java:69)
at org.testng.internal.invokers.ConfigInvoker.invokeConfigurationMethod(ConfigInvoker.java:393)
at org.testng.internal.invokers.ConfigInvoker.invokeConfigurations(ConfigInvoker.java:326)
at org.testng.internal.invokers.TestMethodWorker.invokeBeforeClassMethods(TestMethodWorker.java:180)
at org.testng.internal.invokers.TestMethodWorker.run(TestMethodWorker.java:122)
at java.base/java.util.ArrayList.forEach(ArrayList.java:1596)
at org.testng.TestRunner.privateRun(TestRunner.java:819)
at org.testng.TestRunner.run(TestRunner.java:619)
at org.testng.SuiteRunner.runTest(SuiteRunner.java:443)
at org.testng.SuiteRunner$SuiteWorker.run(SuiteRunner.java:481)
at org.testng.internal.thread.ThreadUtil.lambda$execute$0(ThreadUtil.java:58)
at java.base/java.util.concurrent.FutureTask.run(FutureTask.java:317)
at java.base/java.util.concurrent.ThreadPoolExecutor.runWorker(ThreadPoolExecutor.java:1144)
at java.base/java.util.concurrent.ThreadPoolExecutor$Worker.run(ThreadPoolExecutor.java:642)
at java.base/java.lang.Thread.run(Thread.java:1583)
]]>
    </error>
  </testcase> <!-- setUp -->
  <testcase classname="com.bookstore.selenium.SeleniumTest" name="testSearch_OpensSearchPopup" time="0.002">
    <skipped/>
  </testcase> <!-- testSearch_OpensSearchPopup -->
  <testcase classname="com.bookstore.selenium.SeleniumTest" name="testCart_NavigatesToCartPage" time="0.569"/>
  <testcase classname="com.bookstore.selenium.SeleniumTest" name="testCommunityPage_Loads" time="0.000">
    <skipped/>
  </testcase> <!-- testCommunityPage_Loads -->
  <testcase classname="com.bookstore.selenium.SeleniumTest" name="testAdminDashboard_Loads" time="0.016">
    <skipped/>
  </testcase> <!-- testAdminDashboard_Loads -->
  <testcase classname="com.bookstore.selenium.SeleniumTest" name="testLogin_WithValidCredentials" time="6.301"/>
  <testcase classname="com.bookstore.selenium.SeleniumTest" name="testCart_IconVisibleInNavbar" time="0.000">
    <skipped/>
  </testcase> <!-- testCart_IconVisibleInNavbar -->
</testsuite> <!-- com.bookstore.selenium.SeleniumTest -->
