<?xml version="1.0" encoding="UTF-8"?>
<!-- Generated by org.testng.reporters.JUnitReportReporter -->
<testsuite hostname="LTIN718517" failures="0" tests="3" name="com.bookstore.model.ReviewModelTest" time="0.007" errors="0" timestamp="2026-06-11T08:27:01 IST" skipped="0">
  <testcase classname="com.bookstore.model.ReviewModelTest" name="testRatingRange" time="0.003"/>
  <testcase classname="com.bookstore.model.ReviewModelTest" name="testReviewFields" time="0.002"/>
  <testcase classname="com.bookstore.model.ReviewModelTest" name="testCreatedAtSetOnConstruction" time="0.002"/>
</testsuite> <!-- com.bookstore.model.ReviewModelTest -->
