<?xml version="1.0" encoding="UTF-8"?>
<!-- Generated by org.testng.reporters.JUnitReportReporter -->
<testsuite hostname="LTIN718517" failures="0" tests="5" name="com.bookstore.model.OrderModelTest" time="0.024" errors="0" timestamp="2026-06-11T08:27:01 IST" skipped="0">
  <testcase classname="com.bookstore.model.OrderModelTest" name="testOrderItems" time="0.002"/>
  <testcase classname="com.bookstore.model.OrderModelTest" name="testOrderItemFields" time="0.017"/>
  <testcase classname="com.bookstore.model.OrderModelTest" name="testOrderFields" time="0.002"/>
  <testcase classname="com.bookstore.model.OrderModelTest" name="testStatusUpdate" time="0.002"/>
  <testcase classname="com.bookstore.model.OrderModelTest" name="testTotalAmountCalculation" time="0.001"/>
</testsuite> <!-- com.bookstore.model.OrderModelTest -->
