<?xml version="1.0" encoding="UTF-8"?>
<!-- Generated by org.testng.reporters.JUnitReportReporter -->
<testsuite hostname="LTIN718517" failures="0" tests="3" name="com.bookstore.model.CommunityPostModelTest" time="0.010" errors="0" timestamp="2026-06-11T08:27:01 IST" skipped="0">
  <testcase classname="com.bookstore.model.CommunityPostModelTest" name="testCreatedAtOnConstruction" time="0.000"/>
  <testcase classname="com.bookstore.model.CommunityPostModelTest" name="testUpdateTitle" time="0.008"/>
  <testcase classname="com.bookstore.model.CommunityPostModelTest" name="testPostFields" time="0.002"/>
</testsuite> <!-- com.bookstore.model.CommunityPostModelTest -->
