<?xml version="1.0" encoding="UTF-8"?>
<!-- Generated by org.testng.reporters.JUnitReportReporter -->
<testsuite hostname="LTIN718517" failures="0" tests="3" name="com.bookstore.model.PasswordResetTokenModelTest" time="0.013" errors="0" timestamp="2026-06-11T08:27:01 IST" skipped="0">
  <testcase classname="com.bookstore.model.PasswordResetTokenModelTest" name="testSetUserId" time="0.007"/>
  <testcase classname="com.bookstore.model.PasswordResetTokenModelTest" name="testConstructorFields" time="0.002"/>
  <testcase classname="com.bookstore.model.PasswordResetTokenModelTest" name="testExpiryDateInFuture" time="0.004"/>
</testsuite> <!-- com.bookstore.model.PasswordResetTokenModelTest -->
