<?xml version="1.0" encoding="UTF-8"?>
<!-- Generated by org.testng.reporters.JUnitReportReporter -->
<testsuite hostname="LTIN718517" failures="0" tests="6" name="com.bookstore.security.UserDetailsImplTest" time="0.012" errors="0" timestamp="2026-06-11T08:27:01 IST" skipped="0">
  <testcase classname="com.bookstore.security.UserDetailsImplTest" name="testBuildFromUser" time="0.002"/>
  <testcase classname="com.bookstore.security.UserDetailsImplTest" name="testIsEnabled" time="0.000"/>
  <testcase classname="com.bookstore.security.UserDetailsImplTest" name="testEqualsWithDifferentId" time="0.000"/>
  <testcase classname="com.bookstore.security.UserDetailsImplTest" name="testEqualsWithSameId" time="0.000"/>
  <testcase classname="com.bookstore.security.UserDetailsImplTest" name="testAuthorities" time="0.010"/>
  <testcase classname="com.bookstore.security.UserDetailsImplTest" name="testMultipleRoles" time="0.000"/>
</testsuite> <!-- com.bookstore.security.UserDetailsImplTest -->
