<?xml version="1.0" encoding="UTF-8"?>
<!-- Generated by org.testng.reporters.JUnitReportReporter -->
<testsuite hostname="LTIN718517" failures="0" tests="5" name="com.bookstore.controller.ReviewControllerTest" time="0.546" errors="0" timestamp="2026-06-11T08:27:01 IST" skipped="0">
  <testcase classname="com.bookstore.controller.ReviewControllerTest" name="testGetReviewsByBook" time="0.098"/>
  <testcase classname="com.bookstore.controller.ReviewControllerTest" name="testAddReview" time="0.222"/>
  <testcase classname="com.bookstore.controller.ReviewControllerTest" name="testGetReviewsByBook_EmptyList" time="0.065"/>
  <testcase classname="com.bookstore.controller.ReviewControllerTest" name="testGetReviewsByBook_SingleReview" time="0.090"/>
  <testcase classname="com.bookstore.controller.ReviewControllerTest" name="testAddReview_AsAdmin" time="0.071"/>
</testsuite> <!-- com.bookstore.controller.ReviewControllerTest -->
