<?xml version="1.0" encoding="UTF-8"?>
<!-- Generated by org.testng.reporters.JUnitReportReporter -->
<testsuite hostname="LTIN718517" failures="0" tests="4" name="com.bookstore.model.BookModelTest" time="0.023" errors="0" timestamp="2026-06-11T08:27:01 IST" skipped="0">
  <testcase classname="com.bookstore.model.BookModelTest" name="testIsbn" time="0.002"/>
  <testcase classname="com.bookstore.model.BookModelTest" name="testDefaultConstructor" time="0.003"/>
  <testcase classname="com.bookstore.model.BookModelTest" name="testSettersAndGetters" time="0.004"/>
  <testcase classname="com.bookstore.model.BookModelTest" name="testBookConstructor" time="0.014"/>
</testsuite> <!-- com.bookstore.model.BookModelTest -->
