<?xml version="1.0" encoding="UTF-8"?>
<!-- Generated by org.testng.reporters.JUnitReportReporter -->
<testsuite hostname="LTIN718517" failures="0" tests="6" name="com.bookstore.model.UserModelTest" time="0.017" errors="0" timestamp="2026-06-11T08:27:01 IST" skipped="0">
  <testcase classname="com.bookstore.model.UserModelTest" name="testAllArgsConstructor" time="0.002"/>
  <testcase classname="com.bookstore.model.UserModelTest" name="testSetRoles" time="0.002"/>
  <testcase classname="com.bookstore.model.UserModelTest" name="testMultipleRoles" time="0.002"/>
  <testcase classname="com.bookstore.model.UserModelTest" name="testAddFavorite" time="0.002"/>
  <testcase classname="com.bookstore.model.UserModelTest" name="testUserFields" time="0.008"/>
  <testcase classname="com.bookstore.model.UserModelTest" name="testAddRole" time="0.001"/>
</testsuite> <!-- com.bookstore.model.UserModelTest -->
