<?xml version="1.0" encoding="UTF-8"?>
<!-- Generated by org.testng.reporters.JUnitReportReporter -->
<testsuite hostname="LTIN718517" failures="0" tests="12" name="com.bookstore.controller.BookControllerTest" time="2.933" errors="0" timestamp="2026-06-11T08:27:01 IST" skipped="0">
  <testcase classname="com.bookstore.controller.BookControllerTest" name="testDeleteBook_NotFound" time="0.096"/>
  <testcase classname="com.bookstore.controller.BookControllerTest" name="testUpdateBook_NotFound" time="0.100"/>
  <testcase classname="com.bookstore.controller.BookControllerTest" name="testGetAllBooks_WithTitleFilter" time="0.051"/>
  <testcase classname="com.bookstore.controller.BookControllerTest" name="testGetBookById_Found" time="0.066"/>
  <testcase classname="com.bookstore.controller.BookControllerTest" name="testGetBooksBySeller" time="0.058"/>
  <testcase classname="com.bookstore.controller.BookControllerTest" name="testGetAllBooks_EmptyList" time="0.422"/>
  <testcase classname="com.bookstore.controller.BookControllerTest" name="testGetBookById_NotFound" time="0.076"/>
  <testcase classname="com.bookstore.controller.BookControllerTest" name="testGetBooksByCategory_NotFound" time="0.119"/>
  <testcase classname="com.bookstore.controller.BookControllerTest" name="testGetAllBooks_ReturnsAllBooks" time="0.096"/>
  <testcase classname="com.bookstore.controller.BookControllerTest" name="testGetAllCategories" time="0.096"/>
  <testcase classname="com.bookstore.controller.BookControllerTest" name="testCreateBook" time="1.653"/>
  <testcase classname="com.bookstore.controller.BookControllerTest" name="testGetBooksByCategory" time="0.100"/>
</testsuite> <!-- com.bookstore.controller.BookControllerTest -->
