<?xml version="1.0" encoding="UTF-8"?>
<!-- Generated by org.testng.reporters.JUnitReportReporter -->
<testsuite hostname="LTIN718517" failures="0" tests="5" name="com.bookstore.dto.DTOTest" time="0.063" errors="0" timestamp="2026-06-11T08:27:01 IST" skipped="0">
  <testcase classname="com.bookstore.dto.DTOTest" name="testSignupRequest" time="0.005"/>
  <testcase classname="com.bookstore.dto.DTOTest" name="testJwtResponse" time="0.031"/>
  <testcase classname="com.bookstore.dto.DTOTest" name="testResetPasswordRequest" time="0.016"/>
  <testcase classname="com.bookstore.dto.DTOTest" name="testMessageResponse" time="0.008"/>
  <testcase classname="com.bookstore.dto.DTOTest" name="testLoginRequest" time="0.003"/>
</testsuite> <!-- com.bookstore.dto.DTOTest -->
