<?xml version="1.0" encoding="UTF-8"?>
<testng-results ignored="0" total="94" passed="66" failed="0" skipped="28">
  <reporter-output>
  </reporter-output>
  <suite started-at="2026-06-11T08:25:29 IST" name="Virtual Book Store Test Suite" finished-at="2026-06-11T08:27:00 IST" duration-ms="90861">
    <groups>
      <group name="controller">
        <method signature="BookControllerTest.testCreateBook()[pri:0, instance:com.bookstore.controller.BookControllerTest@31dfc6f5]" name="testCreateBook" class="com.bookstore.controller.BookControllerTest"/>
        <method signature="BookControllerTest.testDeleteBook_NotFound()[pri:0, instance:com.bookstore.controller.BookControllerTest@31dfc6f5]" name="testDeleteBook_NotFound" class="com.bookstore.controller.BookControllerTest"/>
        <method signature="BookControllerTest.testGetAllBooks_EmptyList()[pri:0, instance:com.bookstore.controller.BookControllerTest@31dfc6f5]" name="testGetAllBooks_EmptyList" class="com.bookstore.controller.BookControllerTest"/>
        <method signature="BookControllerTest.testGetAllBooks_ReturnsAllBooks()[pri:0, instance:com.bookstore.controller.BookControllerTest@31dfc6f5]" name="testGetAllBooks_ReturnsAllBooks" class="com.bookstore.controller.BookControllerTest"/>
        <method signature="BookControllerTest.testGetAllBooks_WithTitleFilter()[pri:0, instance:com.bookstore.controller.BookControllerTest@31dfc6f5]" name="testGetAllBooks_WithTitleFilter" class="com.bookstore.controller.BookControllerTest"/>
        <method signature="BookControllerTest.testGetAllCategories()[pri:0, instance:com.bookstore.controller.BookControllerTest@31dfc6f5]" name="testGetAllCategories" class="com.bookstore.controller.BookControllerTest"/>
        <method signature="BookControllerTest.testGetBookById_Found()[pri:0, instance:com.bookstore.controller.BookControllerTest@31dfc6f5]" name="testGetBookById_Found" class="com.bookstore.controller.BookControllerTest"/>
        <method signature="BookControllerTest.testGetBookById_NotFound()[pri:0, instance:com.bookstore.controller.BookControllerTest@31dfc6f5]" name="testGetBookById_NotFound" class="com.bookstore.controller.BookControllerTest"/>
        <method signature="BookControllerTest.testGetBooksByCategory()[pri:0, instance:com.bookstore.controller.BookControllerTest@31dfc6f5]" name="testGetBooksByCategory" class="com.bookstore.controller.BookControllerTest"/>
        <method signature="BookControllerTest.testGetBooksByCategory_NotFound()[pri:0, instance:com.bookstore.controller.BookControllerTest@31dfc6f5]" name="testGetBooksByCategory_NotFound" class="com.bookstore.controller.BookControllerTest"/>
        <method signature="BookControllerTest.testGetBooksBySeller()[pri:0, instance:com.bookstore.controller.BookControllerTest@31dfc6f5]" name="testGetBooksBySeller" class="com.bookstore.controller.BookControllerTest"/>
        <method signature="BookControllerTest.testUpdateBook_NotFound()[pri:0, instance:com.bookstore.controller.BookControllerTest@31dfc6f5]" name="testUpdateBook_NotFound" class="com.bookstore.controller.BookControllerTest"/>
        <method signature="ReviewControllerTest.testAddReview()[pri:0, instance:com.bookstore.controller.ReviewControllerTest@94e51e8]" name="testAddReview" class="com.bookstore.controller.ReviewControllerTest"/>
        <method signature="ReviewControllerTest.testAddReview_AsAdmin()[pri:0, instance:com.bookstore.controller.ReviewControllerTest@94e51e8]" name="testAddReview_AsAdmin" class="com.bookstore.controller.ReviewControllerTest"/>
        <method signature="ReviewControllerTest.testGetReviewsByBook()[pri:0, instance:com.bookstore.controller.ReviewControllerTest@94e51e8]" name="testGetReviewsByBook" class="com.bookstore.controller.ReviewControllerTest"/>
        <method signature="ReviewControllerTest.testGetReviewsByBook_EmptyList()[pri:0, instance:com.bookstore.controller.ReviewControllerTest@94e51e8]" name="testGetReviewsByBook_EmptyList" class="com.bookstore.controller.ReviewControllerTest"/>
        <method signature="ReviewControllerTest.testGetReviewsByBook_SingleReview()[pri:0, instance:com.bookstore.controller.ReviewControllerTest@94e51e8]" name="testGetReviewsByBook_SingleReview" class="com.bookstore.controller.ReviewControllerTest"/>
      </group> <!-- controller -->
      <group name="selenium">
        <method signature="SeleniumTest.testAdminDashboard_AddBook()[pri:0, instance:com.bookstore.selenium.SeleniumTest@2e869098]" name="testAdminDashboard_AddBook" class="com.bookstore.selenium.SeleniumTest"/>
        <method signature="SeleniumTest.testAdminDashboard_Loads()[pri:0, instance:com.bookstore.selenium.SeleniumTest@2e869098]" name="testAdminDashboard_Loads" class="com.bookstore.selenium.SeleniumTest"/>
        <method signature="SeleniumTest.testAdmin_SellerDashboardLinkVisible()[pri:0, instance:com.bookstore.selenium.SeleniumTest@2e869098]" name="testAdmin_SellerDashboardLinkVisible" class="com.bookstore.selenium.SeleniumTest"/>
        <method signature="SeleniumTest.testCart_IconVisibleInNavbar()[pri:0, instance:com.bookstore.selenium.SeleniumTest@2e869098]" name="testCart_IconVisibleInNavbar" class="com.bookstore.selenium.SeleniumTest"/>
        <method signature="SeleniumTest.testCart_NavigatesToCartPage()[pri:0, instance:com.bookstore.selenium.SeleniumTest@2e869098]" name="testCart_NavigatesToCartPage" class="com.bookstore.selenium.SeleniumTest"/>
        <method signature="SeleniumTest.testCommunityPage_Loads()[pri:0, instance:com.bookstore.selenium.SeleniumTest@2e869098]" name="testCommunityPage_Loads" class="com.bookstore.selenium.SeleniumTest"/>
        <method signature="SeleniumTest.testHomePage_DisplaysBooks()[pri:0, instance:com.bookstore.selenium.SeleniumTest@2e869098]" name="testHomePage_DisplaysBooks" class="com.bookstore.selenium.SeleniumTest"/>
        <method signature="SeleniumTest.testHomePage_LoadsSuccessfully()[pri:0, instance:com.bookstore.selenium.SeleniumTest@2e869098]" name="testHomePage_LoadsSuccessfully" class="com.bookstore.selenium.SeleniumTest"/>
        <method signature="SeleniumTest.testLoginPage_Loads()[pri:0, instance:com.bookstore.selenium.SeleniumTest@2e869098]" name="testLoginPage_Loads" class="com.bookstore.selenium.SeleniumTest"/>
        <method signature="SeleniumTest.testLogin_WithValidCredentials()[pri:0, instance:com.bookstore.selenium.SeleniumTest@2e869098]" name="testLogin_WithValidCredentials" class="com.bookstore.selenium.SeleniumTest"/>
        <method signature="SeleniumTest.testLogin_WithWrongPassword()[pri:0, instance:com.bookstore.selenium.SeleniumTest@2e869098]" name="testLogin_WithWrongPassword" class="com.bookstore.selenium.SeleniumTest"/>
        <method signature="SeleniumTest.testLogout_RedirectsToHome()[pri:0, instance:com.bookstore.selenium.SeleniumTest@2e869098]" name="testLogout_RedirectsToHome" class="com.bookstore.selenium.SeleniumTest"/>
        <method signature="SeleniumTest.testNavbar_ShowsLoginWhenNotLoggedIn()[pri:0, instance:com.bookstore.selenium.SeleniumTest@2e869098]" name="testNavbar_ShowsLoginWhenNotLoggedIn" class="com.bookstore.selenium.SeleniumTest"/>
        <method signature="SeleniumTest.testSearch_OpensSearchPopup()[pri:0, instance:com.bookstore.selenium.SeleniumTest@2e869098]" name="testSearch_OpensSearchPopup" class="com.bookstore.selenium.SeleniumTest"/>
        <method signature="SeleniumTest.testAdminDashboard_AddBook()[pri:0, instance:com.bookstore.selenium.SeleniumTest@4b0f2299]" name="testAdminDashboard_AddBook" class="com.bookstore.selenium.SeleniumTest"/>
        <method signature="SeleniumTest.testAdminDashboard_Loads()[pri:0, instance:com.bookstore.selenium.SeleniumTest@4b0f2299]" name="testAdminDashboard_Loads" class="com.bookstore.selenium.SeleniumTest"/>
        <method signature="SeleniumTest.testAdmin_SellerDashboardLinkVisible()[pri:0, instance:com.bookstore.selenium.SeleniumTest@4b0f2299]" name="testAdmin_SellerDashboardLinkVisible" class="com.bookstore.selenium.SeleniumTest"/>
        <method signature="SeleniumTest.testCart_IconVisibleInNavbar()[pri:0, instance:com.bookstore.selenium.SeleniumTest@4b0f2299]" name="testCart_IconVisibleInNavbar" class="com.bookstore.selenium.SeleniumTest"/>
        <method signature="SeleniumTest.testCart_NavigatesToCartPage()[pri:0, instance:com.bookstore.selenium.SeleniumTest@4b0f2299]" name="testCart_NavigatesToCartPage" class="com.bookstore.selenium.SeleniumTest"/>
        <method signature="SeleniumTest.testCommunityPage_Loads()[pri:0, instance:com.bookstore.selenium.SeleniumTest@4b0f2299]" name="testCommunityPage_Loads" class="com.bookstore.selenium.SeleniumTest"/>
        <method signature="SeleniumTest.testHomePage_DisplaysBooks()[pri:0, instance:com.bookstore.selenium.SeleniumTest@4b0f2299]" name="testHomePage_DisplaysBooks" class="com.bookstore.selenium.SeleniumTest"/>
        <method signature="SeleniumTest.testHomePage_LoadsSuccessfully()[pri:0, instance:com.bookstore.selenium.SeleniumTest@4b0f2299]" name="testHomePage_LoadsSuccessfully" class="com.bookstore.selenium.SeleniumTest"/>
        <method signature="SeleniumTest.testLoginPage_Loads()[pri:0, instance:com.bookstore.selenium.SeleniumTest@4b0f2299]" name="testLoginPage_Loads" class="com.bookstore.selenium.SeleniumTest"/>
        <method signature="SeleniumTest.testLogin_WithValidCredentials()[pri:0, instance:com.bookstore.selenium.SeleniumTest@4b0f2299]" name="testLogin_WithValidCredentials" class="com.bookstore.selenium.SeleniumTest"/>
        <method signature="SeleniumTest.testLogin_WithWrongPassword()[pri:0, instance:com.bookstore.selenium.SeleniumTest@4b0f2299]" name="testLogin_WithWrongPassword" class="com.bookstore.selenium.SeleniumTest"/>
        <method signature="SeleniumTest.testLogout_RedirectsToHome()[pri:0, instance:com.bookstore.selenium.SeleniumTest@4b0f2299]" name="testLogout_RedirectsToHome" class="com.bookstore.selenium.SeleniumTest"/>
        <method signature="SeleniumTest.testNavbar_ShowsLoginWhenNotLoggedIn()[pri:0, instance:com.bookstore.selenium.SeleniumTest@4b0f2299]" name="testNavbar_ShowsLoginWhenNotLoggedIn" class="com.bookstore.selenium.SeleniumTest"/>
        <method signature="SeleniumTest.testSearch_OpensSearchPopup()[pri:0, instance:com.bookstore.selenium.SeleniumTest@4b0f2299]" name="testSearch_OpensSearchPopup" class="com.bookstore.selenium.SeleniumTest"/>
        <method signature="SeleniumTest.testAdminDashboard_AddBook()[pri:0, instance:com.bookstore.selenium.SeleniumTest@352ed70d]" name="testAdminDashboard_AddBook" class="com.bookstore.selenium.SeleniumTest"/>
        <method signature="SeleniumTest.testAdminDashboard_Loads()[pri:0, instance:com.bookstore.selenium.SeleniumTest@352ed70d]" name="testAdminDashboard_Loads" class="com.bookstore.selenium.SeleniumTest"/>
        <method signature="SeleniumTest.testAdmin_SellerDashboardLinkVisible()[pri:0, instance:com.bookstore.selenium.SeleniumTest@352ed70d]" name="testAdmin_SellerDashboardLinkVisible" class="com.bookstore.selenium.SeleniumTest"/>
        <method signature="SeleniumTest.testCart_IconVisibleInNavbar()[pri:0, instance:com.bookstore.selenium.SeleniumTest@352ed70d]" name="testCart_IconVisibleInNavbar" class="com.bookstore.selenium.SeleniumTest"/>
        <method signature="SeleniumTest.testCart_NavigatesToCartPage()[pri:0, instance:com.bookstore.selenium.SeleniumTest@352ed70d]" name="testCart_NavigatesToCartPage" class="com.bookstore.selenium.SeleniumTest"/>
        <method signature="SeleniumTest.testCommunityPage_Loads()[pri:0, instance:com.bookstore.selenium.SeleniumTest@352ed70d]" name="testCommunityPage_Loads" class="com.bookstore.selenium.SeleniumTest"/>
        <method signature="SeleniumTest.testHomePage_DisplaysBooks()[pri:0, instance:com.bookstore.selenium.SeleniumTest@352ed70d]" name="testHomePage_DisplaysBooks" class="com.bookstore.selenium.SeleniumTest"/>
        <method signature="SeleniumTest.testHomePage_LoadsSuccessfully()[pri:0, instance:com.bookstore.selenium.SeleniumTest@352ed70d]" name="testHomePage_LoadsSuccessfully" class="com.bookstore.selenium.SeleniumTest"/>
        <method signature="SeleniumTest.testLoginPage_Loads()[pri:0, instance:com.bookstore.selenium.SeleniumTest@352ed70d]" name="testLoginPage_Loads" class="com.bookstore.selenium.SeleniumTest"/>
        <method signature="SeleniumTest.testLogin_WithValidCredentials()[pri:0, instance:com.bookstore.selenium.SeleniumTest@352ed70d]" name="testLogin_WithValidCredentials" class="com.bookstore.selenium.SeleniumTest"/>
        <method signature="SeleniumTest.testLogin_WithWrongPassword()[pri:0, instance:com.bookstore.selenium.SeleniumTest@352ed70d]" name="testLogin_WithWrongPassword" class="com.bookstore.selenium.SeleniumTest"/>
        <method signature="SeleniumTest.testLogout_RedirectsToHome()[pri:0, instance:com.bookstore.selenium.SeleniumTest@352ed70d]" name="testLogout_RedirectsToHome" class="com.bookstore.selenium.SeleniumTest"/>
        <method signature="SeleniumTest.testNavbar_ShowsLoginWhenNotLoggedIn()[pri:0, instance:com.bookstore.selenium.SeleniumTest@352ed70d]" name="testNavbar_ShowsLoginWhenNotLoggedIn" class="com.bookstore.selenium.SeleniumTest"/>
        <method signature="SeleniumTest.testSearch_OpensSearchPopup()[pri:0, instance:com.bookstore.selenium.SeleniumTest@352ed70d]" name="testSearch_OpensSearchPopup" class="com.bookstore.selenium.SeleniumTest"/>
      </group> <!-- selenium -->
    </groups>
    <test started-at="2026-06-11T08:25:29 IST" name="Unit Tests" finished-at="2026-06-11T08:25:29 IST" duration-ms="343">
      <class name="com.bookstore.dto.DTOTest">
        <test-method signature="testJwtResponse()[pri:0, instance:com.bookstore.dto.DTOTest@4b21844c]" started-at="2026-06-11T08:25:29 IST" name="testJwtResponse" finished-at="2026-06-11T08:25:29 IST" duration-ms="31" status="PASS">
          <reporter-output>
          </reporter-output>
        </test-method> <!-- testJwtResponse -->
        <test-method signature="testLoginRequest()[pri:0, instance:com.bookstore.dto.DTOTest@4b21844c]" started-at="2026-06-11T08:25:29 IST" name="testLoginRequest" finished-at="2026-06-11T08:25:29 IST" duration-ms="3" status="PASS">
          <reporter-output>
          </reporter-output>
        </test-method> <!-- testLoginRequest -->
        <test-method signature="testMessageResponse()[pri:0, instance:com.bookstore.dto.DTOTest@4b21844c]" started-at="2026-06-11T08:25:29 IST" name="testMessageResponse" finished-at="2026-06-11T08:25:29 IST" duration-ms="8" status="PASS">
          <reporter-output>
          </reporter-output>
        </test-method> <!-- testMessageResponse -->
        <test-method signature="testResetPasswordRequest()[pri:0, instance:com.bookstore.dto.DTOTest@4b21844c]" started-at="2026-06-11T08:25:29 IST" name="testResetPasswordRequest" finished-at="2026-06-11T08:25:29 IST" duration-ms="16" status="PASS">
          <reporter-output>
          </reporter-output>
        </test-method> <!-- testResetPasswordRequest -->
        <test-method signature="testSignupRequest()[pri:0, instance:com.bookstore.dto.DTOTest@4b21844c]" started-at="2026-06-11T08:25:29 IST" name="testSignupRequest" finished-at="2026-06-11T08:25:29 IST" duration-ms="5" status="PASS">
          <reporter-output>
          </reporter-output>
        </test-method> <!-- testSignupRequest -->
      </class> <!-- com.bookstore.dto.DTOTest -->
      <class name="com.bookstore.model.UserModelTest">
        <test-method is-config="true" signature="setUp()[pri:0, instance:com.bookstore.model.UserModelTest@25f9407e]" started-at="2026-06-11T08:25:29 IST" name="setUp" finished-at="2026-06-11T08:25:29 IST" duration-ms="7" status="PASS">
          <reporter-output>
          </reporter-output>
        </test-method> <!-- setUp -->
        <test-method signature="testAddFavorite()[pri:0, instance:com.bookstore.model.UserModelTest@25f9407e]" started-at="2026-06-11T08:25:29 IST" name="testAddFavorite" finished-at="2026-06-11T08:25:29 IST" duration-ms="1" status="PASS">
          <reporter-output>
          </reporter-output>
        </test-method> <!-- testAddFavorite -->
        <test-method is-config="true" signature="setUp()[pri:0, instance:com.bookstore.model.UserModelTest@25f9407e]" started-at="2026-06-11T08:25:29 IST" name="setUp" finished-at="2026-06-11T08:25:29 IST" duration-ms="1" status="PASS">
          <reporter-output>
          </reporter-output>
        </test-method> <!-- setUp -->
        <test-method signature="testAddRole()[pri:0, instance:com.bookstore.model.UserModelTest@25f9407e]" started-at="2026-06-11T08:25:29 IST" name="testAddRole" finished-at="2026-06-11T08:25:29 IST" duration-ms="1" status="PASS">
          <reporter-output>
          </reporter-output>
        </test-method> <!-- testAddRole -->
        <test-method is-config="true" signature="setUp()[pri:0, instance:com.bookstore.model.UserModelTest@25f9407e]" started-at="2026-06-11T08:25:29 IST" name="setUp" finished-at="2026-06-11T08:25:29 IST" duration-ms="1" status="PASS">
          <reporter-output>
          </reporter-output>
        </test-method> <!-- setUp -->
        <test-method signature="testAllArgsConstructor()[pri:0, instance:com.bookstore.model.UserModelTest@25f9407e]" started-at="2026-06-11T08:25:29 IST" name="testAllArgsConstructor" finished-at="2026-06-11T08:25:29 IST" duration-ms="1" status="PASS">
          <reporter-output>
          </reporter-output>
        </test-method> <!-- testAllArgsConstructor -->
        <test-method is-config="true" signature="setUp()[pri:0, instance:com.bookstore.model.UserModelTest@25f9407e]" started-at="2026-06-11T08:25:29 IST" name="setUp" finished-at="2026-06-11T08:25:29 IST" duration-ms="1" status="PASS">
          <reporter-output>
          </reporter-output>
        </test-method> <!-- setUp -->
        <test-method signature="testMultipleRoles()[pri:0, instance:com.bookstore.model.UserModelTest@25f9407e]" started-at="2026-06-11T08:25:29 IST" name="testMultipleRoles" finished-at="2026-06-11T08:25:29 IST" duration-ms="1" status="PASS">
          <reporter-output>
          </reporter-output>
        </test-method> <!-- testMultipleRoles -->
        <test-method signature="testSetRoles()[pri:0, instance:com.bookstore.model.UserModelTest@25f9407e]" started-at="2026-06-11T08:25:29 IST" name="testSetRoles" finished-at="2026-06-11T08:25:29 IST" duration-ms="1" status="PASS">
          <reporter-output>
          </reporter-output>
        </test-method> <!-- testSetRoles -->
        <test-method is-config="true" signature="setUp()[pri:0, instance:com.bookstore.model.UserModelTest@25f9407e]" started-at="2026-06-11T08:25:29 IST" name="setUp" finished-at="2026-06-11T08:25:29 IST" duration-ms="0" status="PASS">
          <reporter-output>
          </reporter-output>
        </test-method> <!-- setUp -->
        <test-method is-config="true" signature="setUp()[pri:0, instance:com.bookstore.model.UserModelTest@25f9407e]" started-at="2026-06-11T08:25:29 IST" name="setUp" finished-at="2026-06-11T08:25:29 IST" duration-ms="1" status="PASS">
          <reporter-output>
          </reporter-output>
        </test-method> <!-- setUp -->
        <test-method signature="testUserFields()[pri:0, instance:com.bookstore.model.UserModelTest@25f9407e]" started-at="2026-06-11T08:25:29 IST" name="testUserFields" finished-at="2026-06-11T08:25:29 IST" duration-ms="1" status="PASS">
          <reporter-output>
          </reporter-output>
        </test-method> <!-- testUserFields -->
      </class> <!-- com.bookstore.model.UserModelTest -->
      <class name="com.bookstore.model.OrderModelTest">
        <test-method is-config="true" signature="setUp()[pri:0, instance:com.bookstore.model.OrderModelTest@552518c3]" started-at="2026-06-11T08:25:29 IST" name="setUp" finished-at="2026-06-11T08:25:29 IST" duration-ms="12" status="PASS">
          <reporter-output>
          </reporter-output>
        </test-method> <!-- setUp -->
        <test-method signature="testOrderFields()[pri:0, instance:com.bookstore.model.OrderModelTest@552518c3]" started-at="2026-06-11T08:25:29 IST" name="testOrderFields" finished-at="2026-06-11T08:25:29 IST" duration-ms="1" status="PASS">
          <reporter-output>
          </reporter-output>
        </test-method> <!-- testOrderFields -->
        <test-method is-config="true" signature="setUp()[pri:0, instance:com.bookstore.model.OrderModelTest@552518c3]" started-at="2026-06-11T08:25:29 IST" name="setUp" finished-at="2026-06-11T08:25:29 IST" duration-ms="1" status="PASS">
          <reporter-output>
          </reporter-output>
        </test-method> <!-- setUp -->
        <test-method signature="testOrderItemFields()[pri:0, instance:com.bookstore.model.OrderModelTest@552518c3]" started-at="2026-06-11T08:25:29 IST" name="testOrderItemFields" finished-at="2026-06-11T08:25:29 IST" duration-ms="5" status="PASS">
          <reporter-output>
          </reporter-output>
        </test-method> <!-- testOrderItemFields -->
        <test-method is-config="true" signature="setUp()[pri:0, instance:com.bookstore.model.OrderModelTest@552518c3]" started-at="2026-06-11T08:25:29 IST" name="setUp" finished-at="2026-06-11T08:25:29 IST" duration-ms="1" status="PASS">
          <reporter-output>
          </reporter-output>
        </test-method> <!-- setUp -->
        <test-method signature="testOrderItems()[pri:0, instance:com.bookstore.model.OrderModelTest@552518c3]" started-at="2026-06-11T08:25:29 IST" name="testOrderItems" finished-at="2026-06-11T08:25:29 IST" duration-ms="1" status="PASS">
          <reporter-output>
          </reporter-output>
        </test-method> <!-- testOrderItems -->
        <test-method is-config="true" signature="setUp()[pri:0, instance:com.bookstore.model.OrderModelTest@552518c3]" started-at="2026-06-11T08:25:29 IST" name="setUp" finished-at="2026-06-11T08:25:29 IST" duration-ms="1" status="PASS">
          <reporter-output>
          </reporter-output>
        </test-method> <!-- setUp -->
        <test-method signature="testStatusUpdate()[pri:0, instance:com.bookstore.model.OrderModelTest@552518c3]" started-at="2026-06-11T08:25:29 IST" name="testStatusUpdate" finished-at="2026-06-11T08:25:29 IST" duration-ms="1" status="PASS">
          <reporter-output>
          </reporter-output>
        </test-method> <!-- testStatusUpdate -->
        <test-method is-config="true" signature="setUp()[pri:0, instance:com.bookstore.model.OrderModelTest@552518c3]" started-at="2026-06-11T08:25:29 IST" name="setUp" finished-at="2026-06-11T08:25:29 IST" duration-ms="1" status="PASS">
          <reporter-output>
          </reporter-output>
        </test-method> <!-- setUp -->
        <test-method signature="testTotalAmountCalculation()[pri:0, instance:com.bookstore.model.OrderModelTest@552518c3]" started-at="2026-06-11T08:25:29 IST" name="testTotalAmountCalculation" finished-at="2026-06-11T08:25:29 IST" duration-ms="0" status="PASS">
          <reporter-output>
          </reporter-output>
        </test-method> <!-- testTotalAmountCalculation -->
      </class> <!-- com.bookstore.model.OrderModelTest -->
      <class name="com.bookstore.security.UserDetailsImplTest">
        <test-method is-config="true" signature="setUp()[pri:0, instance:com.bookstore.security.UserDetailsImplTest@1b28f282]" started-at="2026-06-11T08:25:29 IST" name="setUp" finished-at="2026-06-11T08:25:29 IST" duration-ms="2" status="PASS">
          <reporter-output>
          </reporter-output>
        </test-method> <!-- setUp -->
        <test-method signature="testAuthorities()[pri:0, instance:com.bookstore.security.UserDetailsImplTest@1b28f282]" started-at="2026-06-11T08:25:29 IST" name="testAuthorities" finished-at="2026-06-11T08:25:29 IST" duration-ms="8" status="PASS">
          <reporter-output>
          </reporter-output>
        </test-method> <!-- testAuthorities -->
        <test-method signature="testBuildFromUser()[pri:0, instance:com.bookstore.security.UserDetailsImplTest@1b28f282]" started-at="2026-06-11T08:25:29 IST" name="testBuildFromUser" finished-at="2026-06-11T08:25:29 IST" duration-ms="0" status="PASS">
          <reporter-output>
          </reporter-output>
        </test-method> <!-- testBuildFromUser -->
        <test-method is-config="true" signature="setUp()[pri:0, instance:com.bookstore.security.UserDetailsImplTest@1b28f282]" started-at="2026-06-11T08:25:29 IST" name="setUp" finished-at="2026-06-11T08:25:29 IST" duration-ms="0" status="PASS">
          <reporter-output>
          </reporter-output>
        </test-method> <!-- setUp -->
        <test-method is-config="true" signature="setUp()[pri:0, instance:com.bookstore.security.UserDetailsImplTest@1b28f282]" started-at="2026-06-11T08:25:29 IST" name="setUp" finished-at="2026-06-11T08:25:29 IST" duration-ms="0" status="PASS">
          <reporter-output>
          </reporter-output>
        </test-method> <!-- setUp -->
        <test-method signature="testEqualsWithDifferentId()[pri:0, instance:com.bookstore.security.UserDetailsImplTest@1b28f282]" started-at="2026-06-11T08:25:29 IST" name="testEqualsWithDifferentId" finished-at="2026-06-11T08:25:29 IST" duration-ms="0" status="PASS">
          <reporter-output>
          </reporter-output>
        </test-method> <!-- testEqualsWithDifferentId -->
        <test-method is-config="true" signature="setUp()[pri:0, instance:com.bookstore.security.UserDetailsImplTest@1b28f282]" started-at="2026-06-11T08:25:29 IST" name="setUp" finished-at="2026-06-11T08:25:29 IST" duration-ms="2" status="PASS">
          <reporter-output>
          </reporter-output>
        </test-method> <!-- setUp -->
        <test-method signature="testEqualsWithSameId()[pri:0, instance:com.bookstore.security.UserDetailsImplTest@1b28f282]" started-at="2026-06-11T08:25:29 IST" name="testEqualsWithSameId" finished-at="2026-06-11T08:25:29 IST" duration-ms="0" status="PASS">
          <reporter-output>
          </reporter-output>
        </test-method> <!-- testEqualsWithSameId -->
        <test-method signature="testIsEnabled()[pri:0, instance:com.bookstore.security.UserDetailsImplTest@1b28f282]" started-at="2026-06-11T08:25:29 IST" name="testIsEnabled" finished-at="2026-06-11T08:25:29 IST" duration-ms="0" status="PASS">
          <reporter-output>
          </reporter-output>
        </test-method> <!-- testIsEnabled -->
        <test-method is-config="true" signature="setUp()[pri:0, instance:com.bookstore.security.UserDetailsImplTest@1b28f282]" started-at="2026-06-11T08:25:29 IST" name="setUp" finished-at="2026-06-11T08:25:29 IST" duration-ms="0" status="PASS">
          <reporter-output>
          </reporter-output>
        </test-method> <!-- setUp -->
        <test-method signature="testMultipleRoles()[pri:0, instance:com.bookstore.security.UserDetailsImplTest@1b28f282]" started-at="2026-06-11T08:25:29 IST" name="testMultipleRoles" finished-at="2026-06-11T08:25:29 IST" duration-ms="0" status="PASS">
          <reporter-output>
          </reporter-output>
        </test-method> <!-- testMultipleRoles -->
        <test-method is-config="true" signature="setUp()[pri:0, instance:com.bookstore.security.UserDetailsImplTest@1b28f282]" started-at="2026-06-11T08:25:29 IST" name="setUp" finished-at="2026-06-11T08:25:29 IST" duration-ms="0" status="PASS">
          <reporter-output>
          </reporter-output>
        </test-method> <!-- setUp -->
      </class> <!-- com.bookstore.security.UserDetailsImplTest -->
      <class name="com.bookstore.model.PasswordResetTokenModelTest">
        <test-method is-config="true" signature="setUp()[pri:0, instance:com.bookstore.model.PasswordResetTokenModelTest@363f6148]" started-at="2026-06-11T08:25:29 IST" name="setUp" finished-at="2026-06-11T08:25:29 IST" duration-ms="4" status="PASS">
          <reporter-output>
          </reporter-output>
        </test-method> <!-- setUp -->
        <test-method signature="testConstructorFields()[pri:0, instance:com.bookstore.model.PasswordResetTokenModelTest@363f6148]" started-at="2026-06-11T08:25:29 IST" name="testConstructorFields" finished-at="2026-06-11T08:25:29 IST" duration-ms="2" status="PASS">
          <reporter-output>
          </reporter-output>
        </test-method> <!-- testConstructorFields -->
        <test-method is-config="true" signature="setUp()[pri:0, instance:com.bookstore.model.PasswordResetTokenModelTest@363f6148]" started-at="2026-06-11T08:25:29 IST" name="setUp" finished-at="2026-06-11T08:25:29 IST" duration-ms="2" status="PASS">
          <reporter-output>
          </reporter-output>
        </test-method> <!-- setUp -->
        <test-method signature="testExpiryDateInFuture()[pri:0, instance:com.bookstore.model.PasswordResetTokenModelTest@363f6148]" started-at="2026-06-11T08:25:29 IST" name="testExpiryDateInFuture" finished-at="2026-06-11T08:25:29 IST" duration-ms="0" status="PASS">
          <reporter-output>
          </reporter-output>
        </test-method> <!-- testExpiryDateInFuture -->
        <test-method signature="testSetUserId()[pri:0, instance:com.bookstore.model.PasswordResetTokenModelTest@363f6148]" started-at="2026-06-11T08:25:29 IST" name="testSetUserId" finished-at="2026-06-11T08:25:29 IST" duration-ms="5" status="PASS">
          <reporter-output>
          </reporter-output>
        </test-method> <!-- testSetUserId -->
        <test-method is-config="true" signature="setUp()[pri:0, instance:com.bookstore.model.PasswordResetTokenModelTest@363f6148]" started-at="2026-06-11T08:25:29 IST" name="setUp" finished-at="2026-06-11T08:25:29 IST" duration-ms="0" status="PASS">
          <reporter-output>
          </reporter-output>
        </test-method> <!-- setUp -->
      </class> <!-- com.bookstore.model.PasswordResetTokenModelTest -->
      <class name="com.bookstore.model.ReviewModelTest">
        <test-method is-config="true" signature="setUp()[pri:0, instance:com.bookstore.model.ReviewModelTest@1a69561c]" started-at="2026-06-11T08:25:29 IST" name="setUp" finished-at="2026-06-11T08:25:29 IST" duration-ms="2" status="PASS">
          <reporter-output>
          </reporter-output>
        </test-method> <!-- setUp -->
        <test-method signature="testCreatedAtSetOnConstruction()[pri:0, instance:com.bookstore.model.ReviewModelTest@1a69561c]" started-at="2026-06-11T08:25:29 IST" name="testCreatedAtSetOnConstruction" finished-at="2026-06-11T08:25:29 IST" duration-ms="2" status="PASS">
          <reporter-output>
          </reporter-output>
        </test-method> <!-- testCreatedAtSetOnConstruction -->
        <test-method signature="testRatingRange()[pri:0, instance:com.bookstore.model.ReviewModelTest@1a69561c]" started-at="2026-06-11T08:25:29 IST" name="testRatingRange" finished-at="2026-06-11T08:25:29 IST" duration-ms="1" status="PASS">
          <reporter-output>
          </reporter-output>
        </test-method> <!-- testRatingRange -->
        <test-method is-config="true" signature="setUp()[pri:0, instance:com.bookstore.model.ReviewModelTest@1a69561c]" started-at="2026-06-11T08:25:29 IST" name="setUp" finished-at="2026-06-11T08:25:29 IST" duration-ms="0" status="PASS">
          <reporter-output>
          </reporter-output>
        </test-method> <!-- setUp -->
        <test-method signature="testReviewFields()[pri:0, instance:com.bookstore.model.ReviewModelTest@1a69561c]" started-at="2026-06-11T08:25:29 IST" name="testReviewFields" finished-at="2026-06-11T08:25:29 IST" duration-ms="2" status="PASS">
          <reporter-output>
          </reporter-output>
        </test-method> <!-- testReviewFields -->
        <test-method is-config="true" signature="setUp()[pri:0, instance:com.bookstore.model.ReviewModelTest@1a69561c]" started-at="2026-06-11T08:25:29 IST" name="setUp" finished-at="2026-06-11T08:25:29 IST" duration-ms="0" status="PASS">
          <reporter-output>
          </reporter-output>
        </test-method> <!-- setUp -->
      </class> <!-- com.bookstore.model.ReviewModelTest -->
      <class name="com.bookstore.model.BookModelTest">
        <test-method is-config="true" signature="setUp()[pri:0, instance:com.bookstore.model.BookModelTest@7de0c6ae]" started-at="2026-06-11T08:25:29 IST" name="setUp" finished-at="2026-06-11T08:25:29 IST" duration-ms="2" status="PASS">
          <reporter-output>
          </reporter-output>
        </test-method> <!-- setUp -->
        <test-method signature="testBookConstructor()[pri:0, instance:com.bookstore.model.BookModelTest@7de0c6ae]" started-at="2026-06-11T08:25:29 IST" name="testBookConstructor" finished-at="2026-06-11T08:25:29 IST" duration-ms="14" status="PASS">
          <reporter-output>
          </reporter-output>
        </test-method> <!-- testBookConstructor -->
        <test-method is-config="true" signature="setUp()[pri:0, instance:com.bookstore.model.BookModelTest@7de0c6ae]" started-at="2026-06-11T08:25:29 IST" name="setUp" finished-at="2026-06-11T08:25:29 IST" duration-ms="1" status="PASS">
          <reporter-output>
          </reporter-output>
        </test-method> <!-- setUp -->
        <test-method signature="testDefaultConstructor()[pri:0, instance:com.bookstore.model.BookModelTest@7de0c6ae]" started-at="2026-06-11T08:25:29 IST" name="testDefaultConstructor" finished-at="2026-06-11T08:25:29 IST" duration-ms="1" status="PASS">
          <reporter-output>
          </reporter-output>
        </test-method> <!-- testDefaultConstructor -->
        <test-method signature="testIsbn()[pri:0, instance:com.bookstore.model.BookModelTest@7de0c6ae]" started-at="2026-06-11T08:25:29 IST" name="testIsbn" finished-at="2026-06-11T08:25:29 IST" duration-ms="1" status="PASS">
          <reporter-output>
          </reporter-output>
        </test-method> <!-- testIsbn -->
        <test-method is-config="true" signature="setUp()[pri:0, instance:com.bookstore.model.BookModelTest@7de0c6ae]" started-at="2026-06-11T08:25:29 IST" name="setUp" finished-at="2026-06-11T08:25:29 IST" duration-ms="0" status="PASS">
          <reporter-output>
          </reporter-output>
        </test-method> <!-- setUp -->
        <test-method is-config="true" signature="setUp()[pri:0, instance:com.bookstore.model.BookModelTest@7de0c6ae]" started-at="2026-06-11T08:25:29 IST" name="setUp" finished-at="2026-06-11T08:25:29 IST" duration-ms="1" status="PASS">
          <reporter-output>
          </reporter-output>
        </test-method> <!-- setUp -->
        <test-method signature="testSettersAndGetters()[pri:0, instance:com.bookstore.model.BookModelTest@7de0c6ae]" started-at="2026-06-11T08:25:29 IST" name="testSettersAndGetters" finished-at="2026-06-11T08:25:29 IST" duration-ms="3" status="PASS">
          <reporter-output>
          </reporter-output>
        </test-method> <!-- testSettersAndGetters -->
      </class> <!-- com.bookstore.model.BookModelTest -->
      <class name="com.bookstore.model.CommunityPostModelTest">
        <test-method is-config="true" signature="setUp()[pri:0, instance:com.bookstore.model.CommunityPostModelTest@59aa20b3]" started-at="2026-06-11T08:25:29 IST" name="setUp" finished-at="2026-06-11T08:25:29 IST" duration-ms="7" status="PASS">
          <reporter-output>
          </reporter-output>
        </test-method> <!-- setUp -->
        <test-method signature="testCreatedAtOnConstruction()[pri:0, instance:com.bookstore.model.CommunityPostModelTest@59aa20b3]" started-at="2026-06-11T08:25:29 IST" name="testCreatedAtOnConstruction" finished-at="2026-06-11T08:25:29 IST" duration-ms="0" status="PASS">
          <reporter-output>
          </reporter-output>
        </test-method> <!-- testCreatedAtOnConstruction -->
        <test-method signature="testPostFields()[pri:0, instance:com.bookstore.model.CommunityPostModelTest@59aa20b3]" started-at="2026-06-11T08:25:29 IST" name="testPostFields" finished-at="2026-06-11T08:25:29 IST" duration-ms="2" status="PASS">
          <reporter-output>
          </reporter-output>
        </test-method> <!-- testPostFields -->
        <test-method is-config="true" signature="setUp()[pri:0, instance:com.bookstore.model.CommunityPostModelTest@59aa20b3]" started-at="2026-06-11T08:25:29 IST" name="setUp" finished-at="2026-06-11T08:25:29 IST" duration-ms="0" status="PASS">
          <reporter-output>
          </reporter-output>
        </test-method> <!-- setUp -->
        <test-method signature="testUpdateTitle()[pri:0, instance:com.bookstore.model.CommunityPostModelTest@59aa20b3]" started-at="2026-06-11T08:25:29 IST" name="testUpdateTitle" finished-at="2026-06-11T08:25:29 IST" duration-ms="1" status="PASS">
          <reporter-output>
          </reporter-output>
        </test-method> <!-- testUpdateTitle -->
        <test-method is-config="true" signature="setUp()[pri:0, instance:com.bookstore.model.CommunityPostModelTest@59aa20b3]" started-at="2026-06-11T08:25:29 IST" name="setUp" finished-at="2026-06-11T08:25:29 IST" duration-ms="0" status="PASS">
          <reporter-output>
          </reporter-output>
        </test-method> <!-- setUp -->
      </class> <!-- com.bookstore.model.CommunityPostModelTest -->
    </test> <!-- Unit Tests -->
    <test started-at="2026-06-11T08:25:29 IST" name="Selenium Edge Tests" finished-at="2026-06-11T08:25:36 IST" duration-ms="6696">
      <class name="com.bookstore.selenium.SeleniumTest">
        <test-method is-config="true" signature="setUp(java.lang.String)[pri:0, instance:com.bookstore.selenium.SeleniumTest@352ed70d]" started-at="2026-06-11T08:25:29 IST" name="setUp" finished-at="2026-06-11T08:25:35 IST" duration-ms="6119" status="FAIL">
          <params>
            <param index="0">
              <value>
                <![CDATA[edge]]>
              </value>
            </param>
          </params>
          <exception class="io.github.bonigarcia.wdm.config.WebDriverManagerException">
            <message>
              <![CDATA[io.github.bonigarcia.wdm.config.WebDriverManagerException: java.net.UnknownHostException: msedgedriver.azureedge.net]]>
            </message>
            <full-stacktrace>
              <![CDATA[io.github.bonigarcia.wdm.config.WebDriverManagerException: io.github.bonigarcia.wdm.config.WebDriverManagerException: java.net.UnknownHostException: msedgedriver.azureedge.net
at io.github.bonigarcia.wdm.WebDriverManager.handleException(WebDriverManager.java:1421)
at io.github.bonigarcia.wdm.WebDriverManager.manage(WebDriverManager.java:1190)
at io.github.bonigarcia.wdm.WebDriverManager.fallback(WebDriverManager.java:1437)
at io.github.bonigarcia.wdm.WebDriverManager.handleException(WebDriverManager.java:1415)
at io.github.bonigarcia.wdm.WebDriverManager.manage(WebDriverManager.java:1190)
at io.github.bonigarcia.wdm.WebDriverManager.setup(WebDriverManager.java:427)
at com.bookstore.selenium.SeleniumTest.setUp(SeleniumTest.java:73)
at java.base/jdk.internal.reflect.DirectMethodHandleAccessor.invoke(DirectMethodHandleAccessor.java:103)
at java.base/java.lang.reflect.Method.invoke(Method.java:580)
at org.testng.internal.invokers.MethodInvocationHelper.invokeMethod(MethodInvocationHelper.java:139)
at org.testng.internal.invokers.MethodInvocationHelper.invokeMethodConsideringTimeout(MethodInvocationHelper.java:69)
at org.testng.internal.invokers.ConfigInvoker.invokeConfigurationMethod(ConfigInvoker.java:393)
at org.testng.internal.invokers.ConfigInvoker.invokeConfigurations(ConfigInvoker.java:326)
at org.testng.internal.invokers.TestMethodWorker.invokeBeforeClassMethods(TestMethodWorker.java:180)
at org.testng.internal.invokers.TestMethodWorker.run(TestMethodWorker.java:122)
at java.base/java.util.ArrayList.forEach(ArrayList.java:1596)
at org.testng.TestRunner.privateRun(TestRunner.java:819)
at org.testng.TestRunner.run(TestRunner.java:619)
at org.testng.SuiteRunner.runTest(SuiteRunner.java:443)
at org.testng.SuiteRunner$SuiteWorker.run(SuiteRunner.java:481)
at org.testng.internal.thread.ThreadUtil.lambda$execute$0(ThreadUtil.java:58)
at java.base/java.util.concurrent.FutureTask.run(FutureTask.java:317)
at java.base/java.util.concurrent.ThreadPoolExecutor.runWorker(ThreadPoolExecutor.java:1144)
at java.base/java.util.concurrent.ThreadPoolExecutor$Worker.run(ThreadPoolExecutor.java:642)
at java.base/java.lang.Thread.run(Thread.java:1583)
Caused by: io.github.bonigarcia.wdm.config.WebDriverManagerException: java.net.UnknownHostException: msedgedriver.azureedge.net
at io.github.bonigarcia.wdm.WebDriverManager.getDriversFromXml(WebDriverManager.java:1588)
at io.github.bonigarcia.wdm.managers.EdgeDriverManager.getDriverUrls(EdgeDriverManager.java:115)
at io.github.bonigarcia.wdm.WebDriverManager.createUrlHandler(WebDriverManager.java:1442)
at io.github.bonigarcia.wdm.WebDriverManager.download(WebDriverManager.java:1268)
at io.github.bonigarcia.wdm.WebDriverManager.manage(WebDriverManager.java:1184)
... 23 more
Caused by: java.net.UnknownHostException: msedgedriver.azureedge.net
at java.base/java.net.InetAddress$CachedLookup.get(InetAddress.java:988)
at java.base/java.net.InetAddress.getAllByName0(InetAddress.java:1818)
at java.base/java.net.InetAddress.getAllByName(InetAddress.java:1688)
at org.apache.hc.client5.http.SystemDefaultDnsResolver.resolve(SystemDefaultDnsResolver.java:43)
at org.apache.hc.client5.http.impl.io.DefaultHttpClientConnectionOperator.connect(DefaultHttpClientConnectionOperator.java:143)
at org.apache.hc.client5.http.impl.io.PoolingHttpClientConnectionManager.connect(PoolingHttpClientConnectionManager.java:447)
at org.apache.hc.client5.http.impl.classic.InternalExecRuntime.connectEndpoint(InternalExecRuntime.java:162)
at org.apache.hc.client5.http.impl.classic.InternalExecRuntime.connectEndpoint(InternalExecRuntime.java:172)
at org.apache.hc.client5.http.impl.classic.ConnectExec.execute(ConnectExec.java:142)
at org.apache.hc.client5.http.impl.classic.ExecChainElement.execute(ExecChainElement.java:51)
at org.apache.hc.client5.http.impl.classic.ProtocolExec.execute(ProtocolExec.java:192)
at org.apache.hc.client5.http.impl.classic.ExecChainElement.execute(ExecChainElement.java:51)
at org.apache.hc.client5.http.impl.classic.HttpRequestRetryExec.execute(HttpRequestRetryExec.java:96)
at org.apache.hc.client5.http.impl.classic.ExecChainElement.execute(ExecChainElement.java:51)
at org.apache.hc.client5.http.impl.classic.ContentCompressionExec.execute(ContentCompressionExec.java:152)
at org.apache.hc.client5.http.impl.classic.ExecChainElement.execute(ExecChainElement.java:51)
at org.apache.hc.client5.http.impl.classic.RedirectExec.execute(RedirectExec.java:115)
at org.apache.hc.client5.http.impl.classic.ExecChainElement.execute(ExecChainElement.java:51)
at org.apache.hc.client5.http.impl.classic.InternalHttpClient.doExecute(InternalHttpClient.java:170)
at org.apache.hc.client5.http.impl.classic.CloseableHttpClient.execute(CloseableHttpClient.java:87)
at org.apache.hc.client5.http.impl.classic.CloseableHttpClient.execute(CloseableHttpClient.java:55)
at org.apache.hc.client5.http.classic.HttpClient.executeOpen(HttpClient.java:183)
at io.github.bonigarcia.wdm.online.HttpClient.execute(HttpClient.java:157)
at io.github.bonigarcia.wdm.WebDriverManager.getDriversFromXml(WebDriverManager.java:1573)
... 27 more
]]>
            </full-stacktrace>
          </exception> <!-- io.github.bonigarcia.wdm.config.WebDriverManagerException -->
          <reporter-output>
          </reporter-output>
        </test-method> <!-- setUp -->
        <test-method signature="testAdminDashboard_AddBook()[pri:0, instance:com.bookstore.selenium.SeleniumTest@352ed70d]" started-at="2026-06-11T08:25:35 IST" name="testAdminDashboard_AddBook" description="Admin can fill and submit the Add Book form" finished-at="2026-06-11T08:25:35 IST" duration-ms="0" status="SKIP">
          <exception class="io.github.bonigarcia.wdm.config.WebDriverManagerException">
            <message>
              <![CDATA[io.github.bonigarcia.wdm.config.WebDriverManagerException: java.net.UnknownHostException: msedgedriver.azureedge.net]]>
            </message>
            <full-stacktrace>
              <![CDATA[io.github.bonigarcia.wdm.config.WebDriverManagerException: io.github.bonigarcia.wdm.config.WebDriverManagerException: java.net.UnknownHostException: msedgedriver.azureedge.net
at io.github.bonigarcia.wdm.WebDriverManager.handleException(WebDriverManager.java:1421)
at io.github.bonigarcia.wdm.WebDriverManager.manage(WebDriverManager.java:1190)
at io.github.bonigarcia.wdm.WebDriverManager.fallback(WebDriverManager.java:1437)
at io.github.bonigarcia.wdm.WebDriverManager.handleException(WebDriverManager.java:1415)
at io.github.bonigarcia.wdm.WebDriverManager.manage(WebDriverManager.java:1190)
at io.github.bonigarcia.wdm.WebDriverManager.setup(WebDriverManager.java:427)
at com.bookstore.selenium.SeleniumTest.setUp(SeleniumTest.java:73)
at java.base/jdk.internal.reflect.DirectMethodHandleAccessor.invoke(DirectMethodHandleAccessor.java:103)
at java.base/java.lang.reflect.Method.invoke(Method.java:580)
at org.testng.internal.invokers.MethodInvocationHelper.invokeMethod(MethodInvocationHelper.java:139)
at org.testng.internal.invokers.MethodInvocationHelper.invokeMethodConsideringTimeout(MethodInvocationHelper.java:69)
at org.testng.internal.invokers.ConfigInvoker.invokeConfigurationMethod(ConfigInvoker.java:393)
at org.testng.internal.invokers.ConfigInvoker.invokeConfigurations(ConfigInvoker.java:326)
at org.testng.internal.invokers.TestMethodWorker.invokeBeforeClassMethods(TestMethodWorker.java:180)
at org.testng.internal.invokers.TestMethodWorker.run(TestMethodWorker.java:122)
at java.base/java.util.ArrayList.forEach(ArrayList.java:1596)
at org.testng.TestRunner.privateRun(TestRunner.java:819)
at org.testng.TestRunner.run(TestRunner.java:619)
at org.testng.SuiteRunner.runTest(SuiteRunner.java:443)
at org.testng.SuiteRunner$SuiteWorker.run(SuiteRunner.java:481)
at org.testng.internal.thread.ThreadUtil.lambda$execute$0(ThreadUtil.java:58)
at java.base/java.util.concurrent.FutureTask.run(FutureTask.java:317)
at java.base/java.util.concurrent.ThreadPoolExecutor.runWorker(ThreadPoolExecutor.java:1144)
at java.base/java.util.concurrent.ThreadPoolExecutor$Worker.run(ThreadPoolExecutor.java:642)
at java.base/java.lang.Thread.run(Thread.java:1583)
Caused by: io.github.bonigarcia.wdm.config.WebDriverManagerException: java.net.UnknownHostException: msedgedriver.azureedge.net
at io.github.bonigarcia.wdm.WebDriverManager.getDriversFromXml(WebDriverManager.java:1588)
at io.github.bonigarcia.wdm.managers.EdgeDriverManager.getDriverUrls(EdgeDriverManager.java:115)
at io.github.bonigarcia.wdm.WebDriverManager.createUrlHandler(WebDriverManager.java:1442)
at io.github.bonigarcia.wdm.WebDriverManager.download(WebDriverManager.java:1268)
at io.github.bonigarcia.wdm.WebDriverManager.manage(WebDriverManager.java:1184)
... 23 more
Caused by: java.net.UnknownHostException: msedgedriver.azureedge.net
at java.base/java.net.InetAddress$CachedLookup.get(InetAddress.java:988)
at java.base/java.net.InetAddress.getAllByName0(InetAddress.java:1818)
at java.base/java.net.InetAddress.getAllByName(InetAddress.java:1688)
at org.apache.hc.client5.http.SystemDefaultDnsResolver.resolve(SystemDefaultDnsResolver.java:43)
at org.apache.hc.client5.http.impl.io.DefaultHttpClientConnectionOperator.connect(DefaultHttpClientConnectionOperator.java:143)
at org.apache.hc.client5.http.impl.io.PoolingHttpClientConnectionManager.connect(PoolingHttpClientConnectionManager.java:447)
at org.apache.hc.client5.http.impl.classic.InternalExecRuntime.connectEndpoint(InternalExecRuntime.java:162)
at org.apache.hc.client5.http.impl.classic.InternalExecRuntime.connectEndpoint(InternalExecRuntime.java:172)
at org.apache.hc.client5.http.impl.classic.ConnectExec.execute(ConnectExec.java:142)
at org.apache.hc.client5.http.impl.classic.ExecChainElement.execute(ExecChainElement.java:51)
at org.apache.hc.client5.http.impl.classic.ProtocolExec.execute(ProtocolExec.java:192)
at org.apache.hc.client5.http.impl.classic.ExecChainElement.execute(ExecChainElement.java:51)
at org.apache.hc.client5.http.impl.classic.HttpRequestRetryExec.execute(HttpRequestRetryExec.java:96)
at org.apache.hc.client5.http.impl.classic.ExecChainElement.execute(ExecChainElement.java:51)
at org.apache.hc.client5.http.impl.classic.ContentCompressionExec.execute(ContentCompressionExec.java:152)
at org.apache.hc.client5.http.impl.classic.ExecChainElement.execute(ExecChainElement.java:51)
at org.apache.hc.client5.http.impl.classic.RedirectExec.execute(RedirectExec.java:115)
at org.apache.hc.client5.http.impl.classic.ExecChainElement.execute(ExecChainElement.java:51)
at org.apache.hc.client5.http.impl.classic.InternalHttpClient.doExecute(InternalHttpClient.java:170)
at org.apache.hc.client5.http.impl.classic.CloseableHttpClient.execute(CloseableHttpClient.java:87)
at org.apache.hc.client5.http.impl.classic.CloseableHttpClient.execute(CloseableHttpClient.java:55)
at org.apache.hc.client5.http.classic.HttpClient.executeOpen(HttpClient.java:183)
at io.github.bonigarcia.wdm.online.HttpClient.execute(HttpClient.java:157)
at io.github.bonigarcia.wdm.WebDriverManager.getDriversFromXml(WebDriverManager.java:1573)
... 27 more
]]>
            </full-stacktrace>
          </exception> <!-- io.github.bonigarcia.wdm.config.WebDriverManagerException -->
          <reporter-output>
          </reporter-output>
        </test-method> <!-- testAdminDashboard_AddBook -->
        <test-method is-config="true" signature="takeScreenshot(org.testng.ITestResult)[pri:0, instance:com.bookstore.selenium.SeleniumTest@352ed70d]" started-at="2026-06-11T08:25:35 IST" name="takeScreenshot" finished-at="2026-06-11T08:25:35 IST" duration-ms="0" status="SKIP">
          <reporter-output>
          </reporter-output>
        </test-method> <!-- takeScreenshot -->
        <test-method signature="testAdminDashboard_Loads()[pri:0, instance:com.bookstore.selenium.SeleniumTest@352ed70d]" started-at="2026-06-11T08:25:35 IST" name="testAdminDashboard_Loads" description="Admin dashboard page should load with inventory table" finished-at="2026-06-11T08:25:35 IST" duration-ms="0" status="SKIP">
          <exception class="io.github.bonigarcia.wdm.config.WebDriverManagerException">
            <message>
              <![CDATA[io.github.bonigarcia.wdm.config.WebDriverManagerException: java.net.UnknownHostException: msedgedriver.azureedge.net]]>
            </message>
            <full-stacktrace>
              <![CDATA[io.github.bonigarcia.wdm.config.WebDriverManagerException: io.github.bonigarcia.wdm.config.WebDriverManagerException: java.net.UnknownHostException: msedgedriver.azureedge.net
at io.github.bonigarcia.wdm.WebDriverManager.handleException(WebDriverManager.java:1421)
at io.github.bonigarcia.wdm.WebDriverManager.manage(WebDriverManager.java:1190)
at io.github.bonigarcia.wdm.WebDriverManager.fallback(WebDriverManager.java:1437)
at io.github.bonigarcia.wdm.WebDriverManager.handleException(WebDriverManager.java:1415)
at io.github.bonigarcia.wdm.WebDriverManager.manage(WebDriverManager.java:1190)
at io.github.bonigarcia.wdm.WebDriverManager.setup(WebDriverManager.java:427)
at com.bookstore.selenium.SeleniumTest.setUp(SeleniumTest.java:73)
at java.base/jdk.internal.reflect.DirectMethodHandleAccessor.invoke(DirectMethodHandleAccessor.java:103)
at java.base/java.lang.reflect.Method.invoke(Method.java:580)
at org.testng.internal.invokers.MethodInvocationHelper.invokeMethod(MethodInvocationHelper.java:139)
at org.testng.internal.invokers.MethodInvocationHelper.invokeMethodConsideringTimeout(MethodInvocationHelper.java:69)
at org.testng.internal.invokers.ConfigInvoker.invokeConfigurationMethod(ConfigInvoker.java:393)
at org.testng.internal.invokers.ConfigInvoker.invokeConfigurations(ConfigInvoker.java:326)
at org.testng.internal.invokers.TestMethodWorker.invokeBeforeClassMethods(TestMethodWorker.java:180)
at org.testng.internal.invokers.TestMethodWorker.run(TestMethodWorker.java:122)
at java.base/java.util.ArrayList.forEach(ArrayList.java:1596)
at org.testng.TestRunner.privateRun(TestRunner.java:819)
at org.testng.TestRunner.run(TestRunner.java:619)
at org.testng.SuiteRunner.runTest(SuiteRunner.java:443)
at org.testng.SuiteRunner$SuiteWorker.run(SuiteRunner.java:481)
at org.testng.internal.thread.ThreadUtil.lambda$execute$0(ThreadUtil.java:58)
at java.base/java.util.concurrent.FutureTask.run(FutureTask.java:317)
at java.base/java.util.concurrent.ThreadPoolExecutor.runWorker(ThreadPoolExecutor.java:1144)
at java.base/java.util.concurrent.ThreadPoolExecutor$Worker.run(ThreadPoolExecutor.java:642)
at java.base/java.lang.Thread.run(Thread.java:1583)
Caused by: io.github.bonigarcia.wdm.config.WebDriverManagerException: java.net.UnknownHostException: msedgedriver.azureedge.net
at io.github.bonigarcia.wdm.WebDriverManager.getDriversFromXml(WebDriverManager.java:1588)
at io.github.bonigarcia.wdm.managers.EdgeDriverManager.getDriverUrls(EdgeDriverManager.java:115)
at io.github.bonigarcia.wdm.WebDriverManager.createUrlHandler(WebDriverManager.java:1442)
at io.github.bonigarcia.wdm.WebDriverManager.download(WebDriverManager.java:1268)
at io.github.bonigarcia.wdm.WebDriverManager.manage(WebDriverManager.java:1184)
... 23 more
Caused by: java.net.UnknownHostException: msedgedriver.azureedge.net
at java.base/java.net.InetAddress$CachedLookup.get(InetAddress.java:988)
at java.base/java.net.InetAddress.getAllByName0(InetAddress.java:1818)
at java.base/java.net.InetAddress.getAllByName(InetAddress.java:1688)
at org.apache.hc.client5.http.SystemDefaultDnsResolver.resolve(SystemDefaultDnsResolver.java:43)
at org.apache.hc.client5.http.impl.io.DefaultHttpClientConnectionOperator.connect(DefaultHttpClientConnectionOperator.java:143)
at org.apache.hc.client5.http.impl.io.PoolingHttpClientConnectionManager.connect(PoolingHttpClientConnectionManager.java:447)
at org.apache.hc.client5.http.impl.classic.InternalExecRuntime.connectEndpoint(InternalExecRuntime.java:162)
at org.apache.hc.client5.http.impl.classic.InternalExecRuntime.connectEndpoint(InternalExecRuntime.java:172)
at org.apache.hc.client5.http.impl.classic.ConnectExec.execute(ConnectExec.java:142)
at org.apache.hc.client5.http.impl.classic.ExecChainElement.execute(ExecChainElement.java:51)
at org.apache.hc.client5.http.impl.classic.ProtocolExec.execute(ProtocolExec.java:192)
at org.apache.hc.client5.http.impl.classic.ExecChainElement.execute(ExecChainElement.java:51)
at org.apache.hc.client5.http.impl.classic.HttpRequestRetryExec.execute(HttpRequestRetryExec.java:96)
at org.apache.hc.client5.http.impl.classic.ExecChainElement.execute(ExecChainElement.java:51)
at org.apache.hc.client5.http.impl.classic.ContentCompressionExec.execute(ContentCompressionExec.java:152)
at org.apache.hc.client5.http.impl.classic.ExecChainElement.execute(ExecChainElement.java:51)
at org.apache.hc.client5.http.impl.classic.RedirectExec.execute(RedirectExec.java:115)
at org.apache.hc.client5.http.impl.classic.ExecChainElement.execute(ExecChainElement.java:51)
at org.apache.hc.client5.http.impl.classic.InternalHttpClient.doExecute(InternalHttpClient.java:170)
at org.apache.hc.client5.http.impl.classic.CloseableHttpClient.execute(CloseableHttpClient.java:87)
at org.apache.hc.client5.http.impl.classic.CloseableHttpClient.execute(CloseableHttpClient.java:55)
at org.apache.hc.client5.http.classic.HttpClient.executeOpen(HttpClient.java:183)
at io.github.bonigarcia.wdm.online.HttpClient.execute(HttpClient.java:157)
at io.github.bonigarcia.wdm.WebDriverManager.getDriversFromXml(WebDriverManager.java:1573)
... 27 more
]]>
            </full-stacktrace>
          </exception> <!-- io.github.bonigarcia.wdm.config.WebDriverManagerException -->
          <reporter-output>
          </reporter-output>
        </test-method> <!-- testAdminDashboard_Loads -->
        <test-method is-config="true" signature="takeScreenshot(org.testng.ITestResult)[pri:0, instance:com.bookstore.selenium.SeleniumTest@352ed70d]" started-at="2026-06-11T08:25:35 IST" name="takeScreenshot" finished-at="2026-06-11T08:25:35 IST" duration-ms="0" status="SKIP">
          <reporter-output>
          </reporter-output>
        </test-method> <!-- takeScreenshot -->
        <test-method signature="testAdmin_SellerDashboardLinkVisible()[pri:0, instance:com.bookstore.selenium.SeleniumTest@352ed70d]" started-at="2026-06-11T08:25:35 IST" name="testAdmin_SellerDashboardLinkVisible" description="Admin should see Seller Dashboard link in navbar after login" finished-at="2026-06-11T08:25:35 IST" duration-ms="0" status="SKIP">
          <exception class="io.github.bonigarcia.wdm.config.WebDriverManagerException">
            <message>
              <![CDATA[io.github.bonigarcia.wdm.config.WebDriverManagerException: java.net.UnknownHostException: msedgedriver.azureedge.net]]>
            </message>
            <full-stacktrace>
              <![CDATA[io.github.bonigarcia.wdm.config.WebDriverManagerException: io.github.bonigarcia.wdm.config.WebDriverManagerException: java.net.UnknownHostException: msedgedriver.azureedge.net
at io.github.bonigarcia.wdm.WebDriverManager.handleException(WebDriverManager.java:1421)
at io.github.bonigarcia.wdm.WebDriverManager.manage(WebDriverManager.java:1190)
at io.github.bonigarcia.wdm.WebDriverManager.fallback(WebDriverManager.java:1437)
at io.github.bonigarcia.wdm.WebDriverManager.handleException(WebDriverManager.java:1415)
at io.github.bonigarcia.wdm.WebDriverManager.manage(WebDriverManager.java:1190)
at io.github.bonigarcia.wdm.WebDriverManager.setup(WebDriverManager.java:427)
at com.bookstore.selenium.SeleniumTest.setUp(SeleniumTest.java:73)
at java.base/jdk.internal.reflect.DirectMethodHandleAccessor.invoke(DirectMethodHandleAccessor.java:103)
at java.base/java.lang.reflect.Method.invoke(Method.java:580)
at org.testng.internal.invokers.MethodInvocationHelper.invokeMethod(MethodInvocationHelper.java:139)
at org.testng.internal.invokers.MethodInvocationHelper.invokeMethodConsideringTimeout(MethodInvocationHelper.java:69)
at org.testng.internal.invokers.ConfigInvoker.invokeConfigurationMethod(ConfigInvoker.java:393)
at org.testng.internal.invokers.ConfigInvoker.invokeConfigurations(ConfigInvoker.java:326)
at org.testng.internal.invokers.TestMethodWorker.invokeBeforeClassMethods(TestMethodWorker.java:180)
at org.testng.internal.invokers.TestMethodWorker.run(TestMethodWorker.java:122)
at java.base/java.util.ArrayList.forEach(ArrayList.java:1596)
at org.testng.TestRunner.privateRun(TestRunner.java:819)
at org.testng.TestRunner.run(TestRunner.java:619)
at org.testng.SuiteRunner.runTest(SuiteRunner.java:443)
at org.testng.SuiteRunner$SuiteWorker.run(SuiteRunner.java:481)
at org.testng.internal.thread.ThreadUtil.lambda$execute$0(ThreadUtil.java:58)
at java.base/java.util.concurrent.FutureTask.run(FutureTask.java:317)
at java.base/java.util.concurrent.ThreadPoolExecutor.runWorker(ThreadPoolExecutor.java:1144)
at java.base/java.util.concurrent.ThreadPoolExecutor$Worker.run(ThreadPoolExecutor.java:642)
at java.base/java.lang.Thread.run(Thread.java:1583)
Caused by: io.github.bonigarcia.wdm.config.WebDriverManagerException: java.net.UnknownHostException: msedgedriver.azureedge.net
at io.github.bonigarcia.wdm.WebDriverManager.getDriversFromXml(WebDriverManager.java:1588)
at io.github.bonigarcia.wdm.managers.EdgeDriverManager.getDriverUrls(EdgeDriverManager.java:115)
at io.github.bonigarcia.wdm.WebDriverManager.createUrlHandler(WebDriverManager.java:1442)
at io.github.bonigarcia.wdm.WebDriverManager.download(WebDriverManager.java:1268)
at io.github.bonigarcia.wdm.WebDriverManager.manage(WebDriverManager.java:1184)
... 23 more
Caused by: java.net.UnknownHostException: msedgedriver.azureedge.net
at java.base/java.net.InetAddress$CachedLookup.get(InetAddress.java:988)
at java.base/java.net.InetAddress.getAllByName0(InetAddress.java:1818)
at java.base/java.net.InetAddress.getAllByName(InetAddress.java:1688)
at org.apache.hc.client5.http.SystemDefaultDnsResolver.resolve(SystemDefaultDnsResolver.java:43)
at org.apache.hc.client5.http.impl.io.DefaultHttpClientConnectionOperator.connect(DefaultHttpClientConnectionOperator.java:143)
at org.apache.hc.client5.http.impl.io.PoolingHttpClientConnectionManager.connect(PoolingHttpClientConnectionManager.java:447)
at org.apache.hc.client5.http.impl.classic.InternalExecRuntime.connectEndpoint(InternalExecRuntime.java:162)
at org.apache.hc.client5.http.impl.classic.InternalExecRuntime.connectEndpoint(InternalExecRuntime.java:172)
at org.apache.hc.client5.http.impl.classic.ConnectExec.execute(ConnectExec.java:142)
at org.apache.hc.client5.http.impl.classic.ExecChainElement.execute(ExecChainElement.java:51)
at org.apache.hc.client5.http.impl.classic.ProtocolExec.execute(ProtocolExec.java:192)
at org.apache.hc.client5.http.impl.classic.ExecChainElement.execute(ExecChainElement.java:51)
at org.apache.hc.client5.http.impl.classic.HttpRequestRetryExec.execute(HttpRequestRetryExec.java:96)
at org.apache.hc.client5.http.impl.classic.ExecChainElement.execute(ExecChainElement.java:51)
at org.apache.hc.client5.http.impl.classic.ContentCompressionExec.execute(ContentCompressionExec.java:152)
at org.apache.hc.client5.http.impl.classic.ExecChainElement.execute(ExecChainElement.java:51)
at org.apache.hc.client5.http.impl.classic.RedirectExec.execute(RedirectExec.java:115)
at org.apache.hc.client5.http.impl.classic.ExecChainElement.execute(ExecChainElement.java:51)
at org.apache.hc.client5.http.impl.classic.InternalHttpClient.doExecute(InternalHttpClient.java:170)
at org.apache.hc.client5.http.impl.classic.CloseableHttpClient.execute(CloseableHttpClient.java:87)
at org.apache.hc.client5.http.impl.classic.CloseableHttpClient.execute(CloseableHttpClient.java:55)
at org.apache.hc.client5.http.classic.HttpClient.executeOpen(HttpClient.java:183)
at io.github.bonigarcia.wdm.online.HttpClient.execute(HttpClient.java:157)
at io.github.bonigarcia.wdm.WebDriverManager.getDriversFromXml(WebDriverManager.java:1573)
... 27 more
]]>
            </full-stacktrace>
          </exception> <!-- io.github.bonigarcia.wdm.config.WebDriverManagerException -->
          <reporter-output>
          </reporter-output>
        </test-method> <!-- testAdmin_SellerDashboardLinkVisible -->
        <test-method is-config="true" signature="takeScreenshot(org.testng.ITestResult)[pri:0, instance:com.bookstore.selenium.SeleniumTest@352ed70d]" started-at="2026-06-11T08:25:35 IST" name="takeScreenshot" finished-at="2026-06-11T08:25:35 IST" duration-ms="0" status="SKIP">
          <reporter-output>
          </reporter-output>
        </test-method> <!-- takeScreenshot -->
        <test-method signature="testCart_IconVisibleInNavbar()[pri:0, instance:com.bookstore.selenium.SeleniumTest@352ed70d]" started-at="2026-06-11T08:25:35 IST" name="testCart_IconVisibleInNavbar" description="Cart icon should be visible in navbar" finished-at="2026-06-11T08:25:35 IST" duration-ms="0" status="SKIP">
          <exception class="io.github.bonigarcia.wdm.config.WebDriverManagerException">
            <message>
              <![CDATA[io.github.bonigarcia.wdm.config.WebDriverManagerException: java.net.UnknownHostException: msedgedriver.azureedge.net]]>
            </message>
            <full-stacktrace>
              <![CDATA[io.github.bonigarcia.wdm.config.WebDriverManagerException: io.github.bonigarcia.wdm.config.WebDriverManagerException: java.net.UnknownHostException: msedgedriver.azureedge.net
at io.github.bonigarcia.wdm.WebDriverManager.handleException(WebDriverManager.java:1421)
at io.github.bonigarcia.wdm.WebDriverManager.manage(WebDriverManager.java:1190)
at io.github.bonigarcia.wdm.WebDriverManager.fallback(WebDriverManager.java:1437)
at io.github.bonigarcia.wdm.WebDriverManager.handleException(WebDriverManager.java:1415)
at io.github.bonigarcia.wdm.WebDriverManager.manage(WebDriverManager.java:1190)
at io.github.bonigarcia.wdm.WebDriverManager.setup(WebDriverManager.java:427)
at com.bookstore.selenium.SeleniumTest.setUp(SeleniumTest.java:73)
at java.base/jdk.internal.reflect.DirectMethodHandleAccessor.invoke(DirectMethodHandleAccessor.java:103)
at java.base/java.lang.reflect.Method.invoke(Method.java:580)
at org.testng.internal.invokers.MethodInvocationHelper.invokeMethod(MethodInvocationHelper.java:139)
at org.testng.internal.invokers.MethodInvocationHelper.invokeMethodConsideringTimeout(MethodInvocationHelper.java:69)
at org.testng.internal.invokers.ConfigInvoker.invokeConfigurationMethod(ConfigInvoker.java:393)
at org.testng.internal.invokers.ConfigInvoker.invokeConfigurations(ConfigInvoker.java:326)
at org.testng.internal.invokers.TestMethodWorker.invokeBeforeClassMethods(TestMethodWorker.java:180)
at org.testng.internal.invokers.TestMethodWorker.run(TestMethodWorker.java:122)
at java.base/java.util.ArrayList.forEach(ArrayList.java:1596)
at org.testng.TestRunner.privateRun(TestRunner.java:819)
at org.testng.TestRunner.run(TestRunner.java:619)
at org.testng.SuiteRunner.runTest(SuiteRunner.java:443)
at org.testng.SuiteRunner$SuiteWorker.run(SuiteRunner.java:481)
at org.testng.internal.thread.ThreadUtil.lambda$execute$0(ThreadUtil.java:58)
at java.base/java.util.concurrent.FutureTask.run(FutureTask.java:317)
at java.base/java.util.concurrent.ThreadPoolExecutor.runWorker(ThreadPoolExecutor.java:1144)
at java.base/java.util.concurrent.ThreadPoolExecutor$Worker.run(ThreadPoolExecutor.java:642)
at java.base/java.lang.Thread.run(Thread.java:1583)
Caused by: io.github.bonigarcia.wdm.config.WebDriverManagerException: java.net.UnknownHostException: msedgedriver.azureedge.net
at io.github.bonigarcia.wdm.WebDriverManager.getDriversFromXml(WebDriverManager.java:1588)
at io.github.bonigarcia.wdm.managers.EdgeDriverManager.getDriverUrls(EdgeDriverManager.java:115)
at io.github.bonigarcia.wdm.WebDriverManager.createUrlHandler(WebDriverManager.java:1442)
at io.github.bonigarcia.wdm.WebDriverManager.download(WebDriverManager.java:1268)
at io.github.bonigarcia.wdm.WebDriverManager.manage(WebDriverManager.java:1184)
... 23 more
Caused by: java.net.UnknownHostException: msedgedriver.azureedge.net
at java.base/java.net.InetAddress$CachedLookup.get(InetAddress.java:988)
at java.base/java.net.InetAddress.getAllByName0(InetAddress.java:1818)
at java.base/java.net.InetAddress.getAllByName(InetAddress.java:1688)
at org.apache.hc.client5.http.SystemDefaultDnsResolver.resolve(SystemDefaultDnsResolver.java:43)
at org.apache.hc.client5.http.impl.io.DefaultHttpClientConnectionOperator.connect(DefaultHttpClientConnectionOperator.java:143)
at org.apache.hc.client5.http.impl.io.PoolingHttpClientConnectionManager.connect(PoolingHttpClientConnectionManager.java:447)
at org.apache.hc.client5.http.impl.classic.InternalExecRuntime.connectEndpoint(InternalExecRuntime.java:162)
at org.apache.hc.client5.http.impl.classic.InternalExecRuntime.connectEndpoint(InternalExecRuntime.java:172)
at org.apache.hc.client5.http.impl.classic.ConnectExec.execute(ConnectExec.java:142)
at org.apache.hc.client5.http.impl.classic.ExecChainElement.execute(ExecChainElement.java:51)
at org.apache.hc.client5.http.impl.classic.ProtocolExec.execute(ProtocolExec.java:192)
at org.apache.hc.client5.http.impl.classic.ExecChainElement.execute(ExecChainElement.java:51)
at org.apache.hc.client5.http.impl.classic.HttpRequestRetryExec.execute(HttpRequestRetryExec.java:96)
at org.apache.hc.client5.http.impl.classic.ExecChainElement.execute(ExecChainElement.java:51)
at org.apache.hc.client5.http.impl.classic.ContentCompressionExec.execute(ContentCompressionExec.java:152)
at org.apache.hc.client5.http.impl.classic.ExecChainElement.execute(ExecChainElement.java:51)
at org.apache.hc.client5.http.impl.classic.RedirectExec.execute(RedirectExec.java:115)
at org.apache.hc.client5.http.impl.classic.ExecChainElement.execute(ExecChainElement.java:51)
at org.apache.hc.client5.http.impl.classic.InternalHttpClient.doExecute(InternalHttpClient.java:170)
at org.apache.hc.client5.http.impl.classic.CloseableHttpClient.execute(CloseableHttpClient.java:87)
at org.apache.hc.client5.http.impl.classic.CloseableHttpClient.execute(CloseableHttpClient.java:55)
at org.apache.hc.client5.http.classic.HttpClient.executeOpen(HttpClient.java:183)
at io.github.bonigarcia.wdm.online.HttpClient.execute(HttpClient.java:157)
at io.github.bonigarcia.wdm.WebDriverManager.getDriversFromXml(WebDriverManager.java:1573)
... 27 more
]]>
            </full-stacktrace>
          </exception> <!-- io.github.bonigarcia.wdm.config.WebDriverManagerException -->
          <reporter-output>
          </reporter-output>
        </test-method> <!-- testCart_IconVisibleInNavbar -->
        <test-method is-config="true" signature="takeScreenshot(org.testng.ITestResult)[pri:0, instance:com.bookstore.selenium.SeleniumTest@352ed70d]" started-at="2026-06-11T08:25:35 IST" name="takeScreenshot" finished-at="2026-06-11T08:25:35 IST" duration-ms="0" status="SKIP">
          <reporter-output>
          </reporter-output>
        </test-method> <!-- takeScreenshot -->
        <test-method signature="testCart_NavigatesToCartPage()[pri:0, instance:com.bookstore.selenium.SeleniumTest@352ed70d]" started-at="2026-06-11T08:25:35 IST" name="testCart_NavigatesToCartPage" description="Clicking cart icon should navigate to cart page" finished-at="2026-06-11T08:25:35 IST" duration-ms="0" status="SKIP">
          <exception class="io.github.bonigarcia.wdm.config.WebDriverManagerException">
            <message>
              <![CDATA[io.github.bonigarcia.wdm.config.WebDriverManagerException: java.net.UnknownHostException: msedgedriver.azureedge.net]]>
            </message>
            <full-stacktrace>
              <![CDATA[io.github.bonigarcia.wdm.config.WebDriverManagerException: io.github.bonigarcia.wdm.config.WebDriverManagerException: java.net.UnknownHostException: msedgedriver.azureedge.net
at io.github.bonigarcia.wdm.WebDriverManager.handleException(WebDriverManager.java:1421)
at io.github.bonigarcia.wdm.WebDriverManager.manage(WebDriverManager.java:1190)
at io.github.bonigarcia.wdm.WebDriverManager.fallback(WebDriverManager.java:1437)
at io.github.bonigarcia.wdm.WebDriverManager.handleException(WebDriverManager.java:1415)
at io.github.bonigarcia.wdm.WebDriverManager.manage(WebDriverManager.java:1190)
at io.github.bonigarcia.wdm.WebDriverManager.setup(WebDriverManager.java:427)
at com.bookstore.selenium.SeleniumTest.setUp(SeleniumTest.java:73)
at java.base/jdk.internal.reflect.DirectMethodHandleAccessor.invoke(DirectMethodHandleAccessor.java:103)
at java.base/java.lang.reflect.Method.invoke(Method.java:580)
at org.testng.internal.invokers.MethodInvocationHelper.invokeMethod(MethodInvocationHelper.java:139)
at org.testng.internal.invokers.MethodInvocationHelper.invokeMethodConsideringTimeout(MethodInvocationHelper.java:69)
at org.testng.internal.invokers.ConfigInvoker.invokeConfigurationMethod(ConfigInvoker.java:393)
at org.testng.internal.invokers.ConfigInvoker.invokeConfigurations(ConfigInvoker.java:326)
at org.testng.internal.invokers.TestMethodWorker.invokeBeforeClassMethods(TestMethodWorker.java:180)
at org.testng.internal.invokers.TestMethodWorker.run(TestMethodWorker.java:122)
at java.base/java.util.ArrayList.forEach(ArrayList.java:1596)
at org.testng.TestRunner.privateRun(TestRunner.java:819)
at org.testng.TestRunner.run(TestRunner.java:619)
at org.testng.SuiteRunner.runTest(SuiteRunner.java:443)
at org.testng.SuiteRunner$SuiteWorker.run(SuiteRunner.java:481)
at org.testng.internal.thread.ThreadUtil.lambda$execute$0(ThreadUtil.java:58)
at java.base/java.util.concurrent.FutureTask.run(FutureTask.java:317)
at java.base/java.util.concurrent.ThreadPoolExecutor.runWorker(ThreadPoolExecutor.java:1144)
at java.base/java.util.concurrent.ThreadPoolExecutor$Worker.run(ThreadPoolExecutor.java:642)
at java.base/java.lang.Thread.run(Thread.java:1583)
Caused by: io.github.bonigarcia.wdm.config.WebDriverManagerException: java.net.UnknownHostException: msedgedriver.azureedge.net
at io.github.bonigarcia.wdm.WebDriverManager.getDriversFromXml(WebDriverManager.java:1588)
at io.github.bonigarcia.wdm.managers.EdgeDriverManager.getDriverUrls(EdgeDriverManager.java:115)
at io.github.bonigarcia.wdm.WebDriverManager.createUrlHandler(WebDriverManager.java:1442)
at io.github.bonigarcia.wdm.WebDriverManager.download(WebDriverManager.java:1268)
at io.github.bonigarcia.wdm.WebDriverManager.manage(WebDriverManager.java:1184)
... 23 more
Caused by: java.net.UnknownHostException: msedgedriver.azureedge.net
at java.base/java.net.InetAddress$CachedLookup.get(InetAddress.java:988)
at java.base/java.net.InetAddress.getAllByName0(InetAddress.java:1818)
at java.base/java.net.InetAddress.getAllByName(InetAddress.java:1688)
at org.apache.hc.client5.http.SystemDefaultDnsResolver.resolve(SystemDefaultDnsResolver.java:43)
at org.apache.hc.client5.http.impl.io.DefaultHttpClientConnectionOperator.connect(DefaultHttpClientConnectionOperator.java:143)
at org.apache.hc.client5.http.impl.io.PoolingHttpClientConnectionManager.connect(PoolingHttpClientConnectionManager.java:447)
at org.apache.hc.client5.http.impl.classic.InternalExecRuntime.connectEndpoint(InternalExecRuntime.java:162)
at org.apache.hc.client5.http.impl.classic.InternalExecRuntime.connectEndpoint(InternalExecRuntime.java:172)
at org.apache.hc.client5.http.impl.classic.ConnectExec.execute(ConnectExec.java:142)
at org.apache.hc.client5.http.impl.classic.ExecChainElement.execute(ExecChainElement.java:51)
at org.apache.hc.client5.http.impl.classic.ProtocolExec.execute(ProtocolExec.java:192)
at org.apache.hc.client5.http.impl.classic.ExecChainElement.execute(ExecChainElement.java:51)
at org.apache.hc.client5.http.impl.classic.HttpRequestRetryExec.execute(HttpRequestRetryExec.java:96)
at org.apache.hc.client5.http.impl.classic.ExecChainElement.execute(ExecChainElement.java:51)
at org.apache.hc.client5.http.impl.classic.ContentCompressionExec.execute(ContentCompressionExec.java:152)
at org.apache.hc.client5.http.impl.classic.ExecChainElement.execute(ExecChainElement.java:51)
at org.apache.hc.client5.http.impl.classic.RedirectExec.execute(RedirectExec.java:115)
at org.apache.hc.client5.http.impl.classic.ExecChainElement.execute(ExecChainElement.java:51)
at org.apache.hc.client5.http.impl.classic.InternalHttpClient.doExecute(InternalHttpClient.java:170)
at org.apache.hc.client5.http.impl.classic.CloseableHttpClient.execute(CloseableHttpClient.java:87)
at org.apache.hc.client5.http.impl.classic.CloseableHttpClient.execute(CloseableHttpClient.java:55)
at org.apache.hc.client5.http.classic.HttpClient.executeOpen(HttpClient.java:183)
at io.github.bonigarcia.wdm.online.HttpClient.execute(HttpClient.java:157)
at io.github.bonigarcia.wdm.WebDriverManager.getDriversFromXml(WebDriverManager.java:1573)
... 27 more
]]>
            </full-stacktrace>
          </exception> <!-- io.github.bonigarcia.wdm.config.WebDriverManagerException -->
          <reporter-output>
          </reporter-output>
        </test-method> <!-- testCart_NavigatesToCartPage -->
        <test-method is-config="true" signature="takeScreenshot(org.testng.ITestResult)[pri:0, instance:com.bookstore.selenium.SeleniumTest@352ed70d]" started-at="2026-06-11T08:25:35 IST" name="takeScreenshot" finished-at="2026-06-11T08:25:35 IST" duration-ms="0" status="SKIP">
          <reporter-output>
          </reporter-output>
        </test-method> <!-- takeScreenshot -->
        <test-method signature="testCommunityPage_Loads()[pri:0, instance:com.bookstore.selenium.SeleniumTest@352ed70d]" started-at="2026-06-11T08:25:35 IST" name="testCommunityPage_Loads" description="Community page should load successfully" finished-at="2026-06-11T08:25:35 IST" duration-ms="0" status="SKIP">
          <exception class="io.github.bonigarcia.wdm.config.WebDriverManagerException">
            <message>
              <![CDATA[io.github.bonigarcia.wdm.config.WebDriverManagerException: java.net.UnknownHostException: msedgedriver.azureedge.net]]>
            </message>
            <full-stacktrace>
              <![CDATA[io.github.bonigarcia.wdm.config.WebDriverManagerException: io.github.bonigarcia.wdm.config.WebDriverManagerException: java.net.UnknownHostException: msedgedriver.azureedge.net
at io.github.bonigarcia.wdm.WebDriverManager.handleException(WebDriverManager.java:1421)
at io.github.bonigarcia.wdm.WebDriverManager.manage(WebDriverManager.java:1190)
at io.github.bonigarcia.wdm.WebDriverManager.fallback(WebDriverManager.java:1437)
at io.github.bonigarcia.wdm.WebDriverManager.handleException(WebDriverManager.java:1415)
at io.github.bonigarcia.wdm.WebDriverManager.manage(WebDriverManager.java:1190)
at io.github.bonigarcia.wdm.WebDriverManager.setup(WebDriverManager.java:427)
at com.bookstore.selenium.SeleniumTest.setUp(SeleniumTest.java:73)
at java.base/jdk.internal.reflect.DirectMethodHandleAccessor.invoke(DirectMethodHandleAccessor.java:103)
at java.base/java.lang.reflect.Method.invoke(Method.java:580)
at org.testng.internal.invokers.MethodInvocationHelper.invokeMethod(MethodInvocationHelper.java:139)
at org.testng.internal.invokers.MethodInvocationHelper.invokeMethodConsideringTimeout(MethodInvocationHelper.java:69)
at org.testng.internal.invokers.ConfigInvoker.invokeConfigurationMethod(ConfigInvoker.java:393)
at org.testng.internal.invokers.ConfigInvoker.invokeConfigurations(ConfigInvoker.java:326)
at org.testng.internal.invokers.TestMethodWorker.invokeBeforeClassMethods(TestMethodWorker.java:180)
at org.testng.internal.invokers.TestMethodWorker.run(TestMethodWorker.java:122)
at java.base/java.util.ArrayList.forEach(ArrayList.java:1596)
at org.testng.TestRunner.privateRun(TestRunner.java:819)
at org.testng.TestRunner.run(TestRunner.java:619)
at org.testng.SuiteRunner.runTest(SuiteRunner.java:443)
at org.testng.SuiteRunner$SuiteWorker.run(SuiteRunner.java:481)
at org.testng.internal.thread.ThreadUtil.lambda$execute$0(ThreadUtil.java:58)
at java.base/java.util.concurrent.FutureTask.run(FutureTask.java:317)
at java.base/java.util.concurrent.ThreadPoolExecutor.runWorker(ThreadPoolExecutor.java:1144)
at java.base/java.util.concurrent.ThreadPoolExecutor$Worker.run(ThreadPoolExecutor.java:642)
at java.base/java.lang.Thread.run(Thread.java:1583)
Caused by: io.github.bonigarcia.wdm.config.WebDriverManagerException: java.net.UnknownHostException: msedgedriver.azureedge.net
at io.github.bonigarcia.wdm.WebDriverManager.getDriversFromXml(WebDriverManager.java:1588)
at io.github.bonigarcia.wdm.managers.EdgeDriverManager.getDriverUrls(EdgeDriverManager.java:115)
at io.github.bonigarcia.wdm.WebDriverManager.createUrlHandler(WebDriverManager.java:1442)
at io.github.bonigarcia.wdm.WebDriverManager.download(WebDriverManager.java:1268)
at io.github.bonigarcia.wdm.WebDriverManager.manage(WebDriverManager.java:1184)
... 23 more
Caused by: java.net.UnknownHostException: msedgedriver.azureedge.net
at java.base/java.net.InetAddress$CachedLookup.get(InetAddress.java:988)
at java.base/java.net.InetAddress.getAllByName0(InetAddress.java:1818)
at java.base/java.net.InetAddress.getAllByName(InetAddress.java:1688)
at org.apache.hc.client5.http.SystemDefaultDnsResolver.resolve(SystemDefaultDnsResolver.java:43)
[...]
          <reporter-output>
          </reporter-output>
        </test-method> <!-- setUp -->
        <test-method signature="testGetReviewsByBook_SingleReview()[pri:0, instance:com.bookstore.controller.ReviewControllerTest@94e51e8]" started-at="2026-06-11T08:26:07 IST" name="testGetReviewsByBook_SingleReview" finished-at="2026-06-11T08:26:07 IST" duration-ms="45" status="PASS">
          <reporter-output>
          </reporter-output>
        </test-method> <!-- testGetReviewsByBook_SingleReview -->
        <test-method is-config="true" signature="springTestContextAfterTestMethod(java.lang.reflect.Method)[pri:0, instance:com.bookstore.controller.ReviewControllerTest@94e51e8]" started-at="2026-06-11T08:26:07 IST" name="springTestContextAfterTestMethod" finished-at="2026-06-11T08:26:07 IST" duration-ms="16" status="PASS">
          <params>
            <param index="0">
              <value>
                <![CDATA[public void com.bookstore.controller.ReviewControllerTest.testGetReviewsByBook_SingleReview() throws java.lang.Exception]]>
              </value>
            </param>
          </params>
          <reporter-output>
          </reporter-output>
        </test-method> <!-- springTestContextAfterTestMethod -->
        <test-method is-config="true" signature="springTestContextAfterTestClass()[pri:0, instance:com.bookstore.controller.ReviewControllerTest@94e51e8]" started-at="2026-06-11T08:26:07 IST" name="springTestContextAfterTestClass" finished-at="2026-06-11T08:26:07 IST" duration-ms="11" status="PASS">
          <reporter-output>
          </reporter-output>
        </test-method> <!-- springTestContextAfterTestClass -->
      </class> <!-- com.bookstore.controller.ReviewControllerTest -->
    </test> <!-- Controller Tests -->
    <test started-at="2026-06-11T08:25:29 IST" name="Selenium Chrome Tests" finished-at="2026-06-11T08:27:00 IST" duration-ms="90861">
      <class name="com.bookstore.selenium.SeleniumTest">
        <test-method is-config="true" signature="setUp(java.lang.String)[pri:0, instance:com.bookstore.selenium.SeleniumTest@2e869098]" started-at="2026-06-11T08:25:29 IST" name="setUp" finished-at="2026-06-11T08:25:39 IST" duration-ms="9745" status="PASS">
          <params>
            <param index="0">
              <value>
                <![CDATA[chrome]]>
              </value>
            </param>
          </params>
          <reporter-output>
          </reporter-output>
        </test-method> <!-- setUp -->
        <test-method signature="testAdminDashboard_AddBook()[pri:0, instance:com.bookstore.selenium.SeleniumTest@2e869098]" started-at="2026-06-11T08:25:39 IST" name="testAdminDashboard_AddBook" description="Admin can fill and submit the Add Book form" finished-at="2026-06-11T08:26:12 IST" duration-ms="33545" status="PASS">
          <reporter-output>
          </reporter-output>
        </test-method> <!-- testAdminDashboard_AddBook -->
        <test-method is-config="true" signature="takeScreenshot(org.testng.ITestResult)[pri:0, instance:com.bookstore.selenium.SeleniumTest@2e869098]" started-at="2026-06-11T08:26:12 IST" name="takeScreenshot" finished-at="2026-06-11T08:26:13 IST" duration-ms="210" status="PASS">
          <params>
            <param index="0">
              <value>
                <![CDATA[[TestResult name=testAdminDashboard_AddBook status=SUCCESS method=SeleniumTest.testAdminDashboard_AddBook()[pri:0, instance:com.bookstore.selenium.SeleniumTest@2e869098] output={null}]]]>
              </value>
            </param>
          </params>
          <reporter-output>
          </reporter-output>
        </test-method> <!-- takeScreenshot -->
        <test-method signature="testAdminDashboard_Loads()[pri:0, instance:com.bookstore.selenium.SeleniumTest@2e869098]" started-at="2026-06-11T08:26:13 IST" name="testAdminDashboard_Loads" description="Admin dashboard page should load with inventory table" finished-at="2026-06-11T08:26:21 IST" duration-ms="8738" status="PASS">
          <reporter-output>
          </reporter-output>
        </test-method> <!-- testAdminDashboard_Loads -->
        <test-method is-config="true" signature="takeScreenshot(org.testng.ITestResult)[pri:0, instance:com.bookstore.selenium.SeleniumTest@2e869098]" started-at="2026-06-11T08:26:22 IST" name="takeScreenshot" finished-at="2026-06-11T08:26:22 IST" duration-ms="199" status="PASS">
          <params>
            <param index="0">
              <value>
                <![CDATA[[TestResult name=testAdminDashboard_Loads status=SUCCESS method=SeleniumTest.testAdminDashboard_Loads()[pri:0, instance:com.bookstore.selenium.SeleniumTest@2e869098] output={null}]]]>
              </value>
            </param>
          </params>
          <reporter-output>
          </reporter-output>
        </test-method> <!-- takeScreenshot -->
        <test-method signature="testAdmin_SellerDashboardLinkVisible()[pri:0, instance:com.bookstore.selenium.SeleniumTest@2e869098]" started-at="2026-06-11T08:26:22 IST" name="testAdmin_SellerDashboardLinkVisible" description="Admin should see Seller Dashboard link in navbar after login" finished-at="2026-06-11T08:26:28 IST" duration-ms="6576" status="PASS">
          <reporter-output>
          </reporter-output>
        </test-method> <!-- testAdmin_SellerDashboardLinkVisible -->
        <test-method is-config="true" signature="takeScreenshot(org.testng.ITestResult)[pri:0, instance:com.bookstore.selenium.SeleniumTest@2e869098]" started-at="2026-06-11T08:26:29 IST" name="takeScreenshot" finished-at="2026-06-11T08:26:29 IST" duration-ms="157" status="PASS">
          <params>
            <param index="0">
              <value>
                <![CDATA[[TestResult name=testAdmin_SellerDashboardLinkVisible status=SUCCESS method=SeleniumTest.testAdmin_SellerDashboardLinkVisible()[pri:0, instance:com.bookstore.selenium.SeleniumTest@2e869098] output={null}]]]>
              </value>
            </param>
          </params>
          <reporter-output>
          </reporter-output>
        </test-method> <!-- takeScreenshot -->
        <test-method signature="testCart_IconVisibleInNavbar()[pri:0, instance:com.bookstore.selenium.SeleniumTest@2e869098]" started-at="2026-06-11T08:26:29 IST" name="testCart_IconVisibleInNavbar" description="Cart icon should be visible in navbar" finished-at="2026-06-11T08:26:29 IST" duration-ms="238" status="PASS">
          <reporter-output>
          </reporter-output>
        </test-method> <!-- testCart_IconVisibleInNavbar -->
        <test-method is-config="true" signature="takeScreenshot(org.testng.ITestResult)[pri:0, instance:com.bookstore.selenium.SeleniumTest@2e869098]" started-at="2026-06-11T08:26:29 IST" name="takeScreenshot" finished-at="2026-06-11T08:26:29 IST" duration-ms="218" status="PASS">
          <params>
            <param index="0">
              <value>
                <![CDATA[[TestResult name=testCart_IconVisibleInNavbar status=SUCCESS method=SeleniumTest.testCart_IconVisibleInNavbar()[pri:0, instance:com.bookstore.selenium.SeleniumTest@2e869098] output={null}]]]>
              </value>
            </param>
          </params>
          <reporter-output>
          </reporter-output>
        </test-method> <!-- takeScreenshot -->
        <test-method signature="testCart_NavigatesToCartPage()[pri:0, instance:com.bookstore.selenium.SeleniumTest@2e869098]" started-at="2026-06-11T08:26:29 IST" name="testCart_NavigatesToCartPage" description="Clicking cart icon should navigate to cart page" finished-at="2026-06-11T08:26:30 IST" duration-ms="351" status="PASS">
          <reporter-output>
          </reporter-output>
        </test-method> <!-- testCart_NavigatesToCartPage -->
        <test-method is-config="true" signature="takeScreenshot(org.testng.ITestResult)[pri:0, instance:com.bookstore.selenium.SeleniumTest@2e869098]" started-at="2026-06-11T08:26:30 IST" name="takeScreenshot" finished-at="2026-06-11T08:26:30 IST" duration-ms="155" status="PASS">
          <params>
            <param index="0">
              <value>
                <![CDATA[[TestResult name=testCart_NavigatesToCartPage status=SUCCESS method=SeleniumTest.testCart_NavigatesToCartPage()[pri:0, instance:com.bookstore.selenium.SeleniumTest@2e869098] output={null}]]]>
              </value>
            </param>
          </params>
          <reporter-output>
          </reporter-output>
        </test-method> <!-- takeScreenshot -->
        <test-method signature="testCommunityPage_Loads()[pri:0, instance:com.bookstore.selenium.SeleniumTest@2e869098]" started-at="2026-06-11T08:26:30 IST" name="testCommunityPage_Loads" description="Community page should load successfully" finished-at="2026-06-11T08:26:30 IST" duration-ms="159" status="PASS">
          <reporter-output>
          </reporter-output>
        </test-method> <!-- testCommunityPage_Loads -->
        <test-method is-config="true" signature="takeScreenshot(org.testng.ITestResult)[pri:0, instance:com.bookstore.selenium.SeleniumTest@2e869098]" started-at="2026-06-11T08:26:30 IST" name="takeScreenshot" finished-at="2026-06-11T08:26:30 IST" duration-ms="124" status="PASS">
          <params>
            <param index="0">
              <value>
                <![CDATA[[TestResult name=testCommunityPage_Loads status=SUCCESS method=SeleniumTest.testCommunityPage_Loads()[pri:0, instance:com.bookstore.selenium.SeleniumTest@2e869098] output={null}]]]>
              </value>
            </param>
          </params>
          <reporter-output>
          </reporter-output>
        </test-method> <!-- takeScreenshot -->
        <test-method signature="testHomePage_DisplaysBooks()[pri:0, instance:com.bookstore.selenium.SeleniumTest@2e869098]" started-at="2026-06-11T08:26:30 IST" name="testHomePage_DisplaysBooks" description="Home page should display a list of books" finished-at="2026-06-11T08:26:34 IST" duration-ms="3232" status="PASS">
          <reporter-output>
          </reporter-output>
        </test-method> <!-- testHomePage_DisplaysBooks -->
        <test-method is-config="true" signature="takeScreenshot(org.testng.ITestResult)[pri:0, instance:com.bookstore.selenium.SeleniumTest@2e869098]" started-at="2026-06-11T08:26:34 IST" name="takeScreenshot" finished-at="2026-06-11T08:26:34 IST" duration-ms="194" status="PASS">
          <params>
            <param index="0">
              <value>
                <![CDATA[[TestResult name=testHomePage_DisplaysBooks status=SUCCESS method=SeleniumTest.testHomePage_DisplaysBooks()[pri:0, instance:com.bookstore.selenium.SeleniumTest@2e869098] output={null}]]]>
              </value>
            </param>
          </params>
          <reporter-output>
          </reporter-output>
        </test-method> <!-- takeScreenshot -->
        <test-method signature="testHomePage_LoadsSuccessfully()[pri:0, instance:com.bookstore.selenium.SeleniumTest@2e869098]" started-at="2026-06-11T08:26:34 IST" name="testHomePage_LoadsSuccessfully" description="Home page should load and display the LeafyBooks logo" finished-at="2026-06-11T08:26:34 IST" duration-ms="230" status="PASS">
          <reporter-output>
          </reporter-output>
        </test-method> <!-- testHomePage_LoadsSuccessfully -->
        <test-method is-config="true" signature="takeScreenshot(org.testng.ITestResult)[pri:0, instance:com.bookstore.selenium.SeleniumTest@2e869098]" started-at="2026-06-11T08:26:34 IST" name="takeScreenshot" finished-at="2026-06-11T08:26:35 IST" duration-ms="173" status="PASS">
          <params>
            <param index="0">
              <value>
                <![CDATA[[TestResult name=testHomePage_LoadsSuccessfully status=SUCCESS method=SeleniumTest.testHomePage_LoadsSuccessfully()[pri:0, instance:com.bookstore.selenium.SeleniumTest@2e869098] output={null}]]]>
              </value>
            </param>
          </params>
          <reporter-output>
          </reporter-output>
        </test-method> <!-- takeScreenshot -->
        <test-method signature="testLoginPage_Loads()[pri:0, instance:com.bookstore.selenium.SeleniumTest@2e869098]" started-at="2026-06-11T08:26:35 IST" name="testLoginPage_Loads" description="Login page should load correctly" finished-at="2026-06-11T08:26:35 IST" duration-ms="599" status="PASS">
          <reporter-output>
          </reporter-output>
        </test-method> <!-- testLoginPage_Loads -->
        <test-method is-config="true" signature="takeScreenshot(org.testng.ITestResult)[pri:0, instance:com.bookstore.selenium.SeleniumTest@2e869098]" started-at="2026-06-11T08:26:35 IST" name="takeScreenshot" finished-at="2026-06-11T08:26:36 IST" duration-ms="116" status="PASS">
          <params>
            <param index="0">
              <value>
                <![CDATA[[TestResult name=testLoginPage_Loads status=SUCCESS method=SeleniumTest.testLoginPage_Loads()[pri:0, instance:com.bookstore.selenium.SeleniumTest@2e869098] output={null}]]]>
              </value>
            </param>
          </params>
          <reporter-output>
          </reporter-output>
        </test-method> <!-- takeScreenshot -->
        <test-method signature="testLogin_WithValidCredentials()[pri:0, instance:com.bookstore.selenium.SeleniumTest@2e869098]" started-at="2026-06-11T08:26:36 IST" name="testLogin_WithValidCredentials" description="Login with valid admin credentials should redirect to home" finished-at="2026-06-11T08:26:42 IST" duration-ms="6136" status="PASS">
          <reporter-output>
          </reporter-output>
        </test-method> <!-- testLogin_WithValidCredentials -->
        <test-method is-config="true" signature="takeScreenshot(org.testng.ITestResult)[pri:0, instance:com.bookstore.selenium.SeleniumTest@2e869098]" started-at="2026-06-11T08:26:42 IST" name="takeScreenshot" finished-at="2026-06-11T08:26:42 IST" duration-ms="161" status="PASS">
          <params>
            <param index="0">
              <value>
                <![CDATA[[TestResult name=testLogin_WithValidCredentials status=SUCCESS method=SeleniumTest.testLogin_WithValidCredentials()[pri:0, instance:com.bookstore.selenium.SeleniumTest@2e869098] output={null}]]]>
              </value>
            </param>
          </params>
          <reporter-output>
          </reporter-output>
        </test-method> <!-- takeScreenshot -->
        <test-method signature="testLogin_WithWrongPassword()[pri:0, instance:com.bookstore.selenium.SeleniumTest@2e869098]" started-at="2026-06-11T08:26:42 IST" name="testLogin_WithWrongPassword" description="Login with wrong password should show error message" finished-at="2026-06-11T08:26:46 IST" duration-ms="3942" status="PASS">
          <reporter-output>
          </reporter-output>
        </test-method> <!-- testLogin_WithWrongPassword -->
        <test-method is-config="true" signature="takeScreenshot(org.testng.ITestResult)[pri:0, instance:com.bookstore.selenium.SeleniumTest@2e869098]" started-at="2026-06-11T08:26:46 IST" name="takeScreenshot" finished-at="2026-06-11T08:26:46 IST" duration-ms="128" status="PASS">
          <params>
            <param index="0">
              <value>
                <![CDATA[[TestResult name=testLogin_WithWrongPassword status=SUCCESS method=SeleniumTest.testLogin_WithWrongPassword()[pri:0, instance:com.bookstore.selenium.SeleniumTest@2e869098] output={null}]]]>
              </value>
            </param>
          </params>
          <reporter-output>
          </reporter-output>
        </test-method> <!-- takeScreenshot -->
        <test-method signature="testLogout_RedirectsToHome()[pri:0, instance:com.bookstore.selenium.SeleniumTest@2e869098]" started-at="2026-06-11T08:26:46 IST" name="testLogout_RedirectsToHome" description="Logout should redirect to home and show Login button again" finished-at="2026-06-11T08:26:53 IST" duration-ms="6347" status="PASS">
          <reporter-output>
          </reporter-output>
        </test-method> <!-- testLogout_RedirectsToHome -->
        <test-method is-config="true" signature="takeScreenshot(org.testng.ITestResult)[pri:0, instance:com.bookstore.selenium.SeleniumTest@2e869098]" started-at="2026-06-11T08:26:53 IST" name="takeScreenshot" finished-at="2026-06-11T08:26:53 IST" duration-ms="214" status="PASS">
          <params>
            <param index="0">
              <value>
                <![CDATA[[TestResult name=testLogout_RedirectsToHome status=SUCCESS method=SeleniumTest.testLogout_RedirectsToHome()[pri:0, instance:com.bookstore.selenium.SeleniumTest@2e869098] output={null}]]]>
              </value>
            </param>
          </params>
          <reporter-output>
          </reporter-output>
        </test-method> <!-- takeScreenshot -->
        <test-method signature="testNavbar_ShowsLoginWhenNotLoggedIn()[pri:0, instance:com.bookstore.selenium.SeleniumTest@2e869098]" started-at="2026-06-11T08:26:53 IST" name="testNavbar_ShowsLoginWhenNotLoggedIn" description="Navbar should show Login button when not logged in" finished-at="2026-06-11T08:26:54 IST" duration-ms="1515" status="PASS">
          <reporter-output>
          </reporter-output>
        </test-method> <!-- testNavbar_ShowsLoginWhenNotLoggedIn -->
        <test-method is-config="true" signature="takeScreenshot(org.testng.ITestResult)[pri:0, instance:com.bookstore.selenium.SeleniumTest@2e869098]" started-at="2026-06-11T08:26:55 IST" name="takeScreenshot" finished-at="2026-06-11T08:26:55 IST" duration-ms="165" status="PASS">
          <params>
            <param index="0">
              <value>
                <![CDATA[[TestResult name=testNavbar_ShowsLoginWhenNotLoggedIn status=SUCCESS method=SeleniumTest.testNavbar_ShowsLoginWhenNotLoggedIn()[pri:0, instance:com.bookstore.selenium.SeleniumTest@2e869098] output={null}]]]>
              </value>
            </param>
          </params>
          <reporter-output>
          </reporter-output>
        </test-method> <!-- takeScreenshot -->
        <test-method signature="testSearch_OpensSearchPopup()[pri:0, instance:com.bookstore.selenium.SeleniumTest@2e869098]" started-at="2026-06-11T08:26:55 IST" name="testSearch_OpensSearchPopup" description="Search icon click should open search popup" finished-at="2026-06-11T08:26:55 IST" duration-ms="412" status="PASS">
          <reporter-output>
          </reporter-output>
        </test-method> <!-- testSearch_OpensSearchPopup -->
        <test-method is-config="true" signature="takeScreenshot(org.testng.ITestResult)[pri:0, instance:com.bookstore.selenium.SeleniumTest@2e869098]" started-at="2026-06-11T08:26:55 IST" name="takeScreenshot" finished-at="2026-06-11T08:26:56 IST" duration-ms="204" status="PASS">
          <params>
            <param index="0">
              <value>
                <![CDATA[[TestResult name=testSearch_OpensSearchPopup status=SUCCESS method=SeleniumTest.testSearch_OpensSearchPopup()[pri:0, instance:com.bookstore.selenium.SeleniumTest@2e869098] output={null}]]]>
              </value>
            </param>
          </params>
          <reporter-output>
          </reporter-output>
        </test-method> <!-- takeScreenshot -->
        <test-method is-config="true" signature="tearDown()[pri:0, instance:com.bookstore.selenium.SeleniumTest@2e869098]" started-at="2026-06-11T08:26:56 IST" name="tearDown" finished-at="2026-06-11T08:27:00 IST" duration-ms="4130" status="PASS">
          <reporter-output>
          </reporter-output>
        </test-method> <!-- tearDown -->
      </class> <!-- com.bookstore.selenium.SeleniumTest -->
    </test> <!-- Selenium Chrome Tests -->
  </suite> <!-- Virtual Book Store Test Suite -->
</testng-results>
